Start testing: Jul 03 18:52 UTC
----------------------------------------------------------
1/40 Testing: spatial_hash
1/40 Test: spatial_hash
Command: "/workspace/build-release/tests/test_spatial_hash"
Directory: /workspace/build-release/tests
"spatial_hash" start time: Jul 03 18:52 UTC
Output:
----------------------------------------------------------
=== Spatial Hash Tests ===
  test_insert_and_query: PASSED
  test_empty_query: PASSED
  test_clear: PASSED
All spatial hash tests passed.
<end of output>
Test time =   0.00 sec
----------------------------------------------------------
Test Passed.
"spatial_hash" end time: Jul 03 18:52 UTC
"spatial_hash" time elapsed: 00:00:00
----------------------------------------------------------

2/40 Testing: greens_function
2/40 Test: greens_function
Command: "/workspace/build-release/tests/test_greens_function"
Directory: /workspace/build-release/tests
"greens_function" start time: Jul 03 18:52 UTC
Output:
----------------------------------------------------------
=== Green's Function Tests ===
  test_uninitialized_throws: PASSED
  test_radial_symmetry: PASSED (ratio=0)
  test_comet_tail: PASSED (down=5.95016e-05 up=5.82243e-05 ratio=1.02194)
  test_core_vs_halo: PASSED (core_near=0.0198944 halo_near=0.000596831 retard_ratio=33.3333 conc_ratio=33.3333)
  test_peclet: PASSED (Pe=0.0196514)
All Green's function tests passed.
<end of output>
Test time =   0.00 sec
----------------------------------------------------------
Test Passed.
"greens_function" end time: Jul 03 18:52 UTC
"greens_function" time elapsed: 00:00:00
----------------------------------------------------------

3/40 Testing: agent
3/40 Test: agent
Command: "/workspace/build-release/tests/test_agent"
Directory: /workspace/build-release/tests
"agent" start time: Jul 03 18:52 UTC
Output:
----------------------------------------------------------
=== Agent Tests ===
  test_agent_creation: PASSED
  test_global_tag_stride: PASSED
  test_agent_pool: PASSED
  test_plasmid_library: PASSED
  test_plasmid_find: PASSED
  test_classify_by_pI: PASSED
  test_genome_operations: PASSED
  test_partial_resistance_fields: PASSED
  test_sphere_volume: PASSED
All agent tests passed.
<end of output>
Test time =   0.00 sec
----------------------------------------------------------
Test Passed.
"agent" end time: Jul 03 18:52 UTC
"agent" time elapsed: 00:00:00
----------------------------------------------------------

4/40 Testing: iron_fallback
4/40 Test: iron_fallback
Command: "/workspace/build-release/tests/test_iron_fallback"
Directory: /workspace/build-release/tests
"iron_fallback" start time: Jul 03 18:52 UTC
Output:
----------------------------------------------------------
=== Iron Fallback Tests (Issue #10) ===
  test_receptor_type_iutA_exists: PASSED
  test_agent_iutA_default_expression: PASSED
  test_graded_fallback_intermediate_growth: PASSED
    wild-type monod_iron = 0.602273
    FepA-down monod_iron = 0.375
    ratio = 0.622642
  test_graded_fallback_km_ordering: PASSED
  test_graded_fallback_partial_fepA: PASSED
All iron fallback tests passed.
<end of output>
Test time =   0.00 sec
----------------------------------------------------------
Test Passed.
"iron_fallback" end time: Jul 03 18:52 UTC
"iron_fallback" time elapsed: 00:00:00
----------------------------------------------------------

5/40 Testing: octree
5/40 Test: octree
Command: "/workspace/build-release/tests/test_octree"
Directory: /workspace/build-release/tests
"octree" start time: Jul 03 18:52 UTC
Output:
----------------------------------------------------------
=== Octree / Barnes-Hut Tests ===
  test_empty_octree: PASSED
  test_single_source: PASSED
  test_octree_construction: PASSED (nodes=33)
    target=(200,200,50) exact=0.0123946 approx=0.0100818 rel_err=0.186592
    target=(800,800,50) exact=0.0139216 approx=0.0122407 rel_err=0.120742
    target=(500,500,25) exact=0.0148703 approx=0.0188874 rel_err=0.270144
  test_accuracy_vs_exact: PASSED
  test_far_field_only: PASSED (far=0.00631653)
  test_qssa_config_fmm_flag: PASSED
All octree tests passed.
<end of output>
Test time =   0.00 sec
----------------------------------------------------------
Test Passed.
"octree" end time: Jul 03 18:52 UTC
"octree" time elapsed: 00:00:00
----------------------------------------------------------

6/40 Testing: fmm
6/40 Test: fmm
Command: "/workspace/build-release/tests/test_fmm"
Directory: /workspace/build-release/tests
"fmm" start time: Jul 03 18:52 UTC
Output:
----------------------------------------------------------
=== FMM Tests ===
  test_fmm_coefficient_count: PASSED
  test_fmm_build_and_moments: PASSED
    order=2 target rel_err=0.142625
    order=2 target rel_err=0.00446265
    order=2 target rel_err=0.371472
  test_fmm_accuracy_order2_vs_exact: PASSED
    monopole rel_err=0.11779 order2 rel_err=0.111093
  test_fmm_higher_order_more_accurate_than_monopole: PASSED
  test_fmm_local_expansion_nonnegative: PASSED
  test_fmm_config_defaults: PASSED
All FMM tests passed.
<end of output>
Test time =   0.00 sec
----------------------------------------------------------
Test Passed.
"fmm" end time: Jul 03 18:52 UTC
"fmm" time elapsed: 00:00:00
----------------------------------------------------------

7/40 Testing: conjugation
7/40 Test: conjugation
Command: "/workspace/build-release/tests/test_conjugation"
Directory: /workspace/build-release/tests
"conjugation" start time: Jul 03 18:52 UTC
Output:
----------------------------------------------------------
=== Conjugation Pili Heterogeneity Tests ===
  test_config_defaults: PASSED
  test_sampled_radii_vary: PASSED (mean=2.50695 um min=1.0003 um max=3.99894 um)
GutIBM initialized:
  Domain: 10x10x5 cells (500 total)
  MPI ranks: 1
  Slab [0, 5e-05) m
  Local agents: 20  Global agents: 20
  Chemical species: 7
  Bio dt: 60 s
  Adaptive dt: OFF
  Total time: 300 s
  GPU: OFF
Step 1  t=60s  dt=60s  global_agents=9  local_agents=9  mu_avg=5.98e-05
Step 5  t=300s  dt=60s  global_agents=0  local_agents=0  mu_avg=0

Simulation complete.
  Final global agents: 0
  Steps taken: 5
  Resident retention: 0%
  Dominant lineage: 0
  test_heterogeneity_integration: PASSED (steps=5)
GutIBM initialized:
  Domain: 10x10x5 cells (500 total)
  MPI ranks: 1
  Slab [0, 5e-05) m
  Local agents: 10  Global agents: 10
  Chemical species: 7
  Bio dt: 60 s
  Adaptive dt: OFF
  Total time: 120 s
  GPU: OFF
Step 1  t=60s  dt=60s  global_agents=5  local_agents=5  mu_avg=5.79e-05
Step 2  t=120s  dt=60s  global_agents=2  local_agents=2  mu_avg=6.99e-05

Simulation complete.
  Final global agents: 2
  Steps taken: 2
  Resident retention: 20%
  Dominant lineage: 10
  test_heterogeneity_disabled_uses_fixed: PASSED
All conjugation tests passed.
<end of output>
Test time =   0.01 sec
----------------------------------------------------------
Test Passed.
"conjugation" end time: Jul 03 18:52 UTC
"conjugation" time elapsed: 00:00:00
----------------------------------------------------------

8/40 Testing: z_gradient
8/40 Test: z_gradient
Command: "/workspace/build-release/tests/test_z_gradient"
Directory: /workspace/build-release/tests
"z_gradient" start time: Jul 03 18:52 UTC
Output:
----------------------------------------------------------
=== Z-Gradient Tests ===
  test_carbon_z_gradient_init: PASSED
  test_uniform_when_gradient_disabled: PASSED
  test_vbf_mucin_rate_z_dependent: PASSED
  test_vbf_mucin_rate_uniform_when_disabled: PASSED
  test_vbf_coupling_z_gradient: PASSED
  test_default_config_has_z_gradient: PASSED
GutIBM initialized:
  Domain: 10x10x10 cells (1000 total)
  MPI ranks: 1
  Slab [0, 5e-05) m
  Local agents: 10  Global agents: 10
  Chemical species: 7
  Bio dt: 60 s
  Adaptive dt: OFF
  Total time: 120 s
  GPU: OFF
Step 1  t=60s  dt=60s  global_agents=6  local_agents=6  mu_avg=5.12e-05
Step 2  t=120s  dt=60s  global_agents=1  local_agents=1  mu_avg=7.07e-05

Simulation complete.
  Final global agents: 1
  Steps taken: 2
  Resident retention: 10%
  Dominant lineage: 8
  test_smoke_with_z_gradient: PASSED
All z-gradient tests passed.
<end of output>
Test time =   0.01 sec
----------------------------------------------------------
Test Passed.
"z_gradient" end time: Jul 03 18:52 UTC
"z_gradient" time elapsed: 00:00:00
----------------------------------------------------------

9/40 Testing: domain_decomp
9/40 Test: domain_decomp
Command: "/workspace/build-release/tests/test_domain_decomp"
Directory: /workspace/build-release/tests
"domain_decomp" start time: Jul 03 18:52 UTC
Output:
----------------------------------------------------------
=== Domain Decomposition Tests ===
  test_decompose_single_rank: PASSED
  test_owner_rank_logic: PASSED
  test_is_local_trivial: PASSED
GutIBM initialized:
  Domain: 20x20x10 cells (4000 total)
  MPI ranks: 1
  Slab [0, 0.0001) m
  Local agents: 20  Global agents: 20
  Chemical species: 7
  Bio dt: 60 s
  Adaptive dt: OFF
  Total time: 60 s
  GPU: OFF
  test_init_population_local_only: PASSED
GutIBM initialized:
  Domain: 20x20x10 cells (4000 total)
  MPI ranks: 1
  Slab [0, 0.0001) m
  Local agents: 30  Global agents: 30
  Chemical species: 7
  Bio dt: 60 s
  Adaptive dt: OFF
  Total time: 300 s
  GPU: OFF
Step 1  t=60s  dt=60s  global_agents=16  local_agents=16  mu_avg=4.94e-05
Step 5  t=300s  dt=60s  global_agents=1  local_agents=1  mu_avg=7.07e-05

Simulation complete.
  Final global agents: 1
  Steps taken: 5
  Resident retention: 3.33%
  Dominant lineage: 25
  test_single_rank_simulation_unchanged: PASSED (alive=1 global_count=1 mu_avg=7.07e-05)
  test_ghost_width_config: PASSED
GutIBM initialized:
  Domain: 20x20x10 cells (4000 total)
  MPI ranks: 1
  Slab [0, 0.0001) m
  Local agents: 10  Global agents: 10
  Chemical species: 7
  Bio dt: 60 s
  Adaptive dt: OFF
  Total time: 60 s
  GPU: OFF
  test_migration_noop_single_rank: PASSED (before=10 alive_after=4)
All domain decomposition tests passed.
<end of output>
Test time =   0.01 sec
----------------------------------------------------------
Test Passed.
"domain_decomp" end time: Jul 03 18:52 UTC
"domain_decomp" time elapsed: 00:00:00
----------------------------------------------------------

10/40 Testing: acetate_mete
10/40 Test: acetate_mete
Command: "/workspace/build-release/tests/test_acetate_mete"
Directory: /workspace/build-release/tests
"acetate_mete" start time: Jul 03 18:52 UTC
Output:
----------------------------------------------------------
=== Acetate MetE Inhibition Tests ===
  test_acetate_species_present: PASSED
  test_metE_config_defaults: PASSED
  test_acetate_penalty_scaling: PASSED (eff_80mM=0.1 eff_sat=0.124997)
GutIBM initialized:
  Domain: 10x10x5 cells (500 total)
  MPI ranks: 1
  Slab [0, 5e-05) m
  Local agents: 5  Global agents: 5
  Chemical species: 7
  Bio dt: 60 s
  Adaptive dt: OFF
  Total time: 120 s
  GPU: OFF
GutIBM initialized:
  Domain: 10x10x5 cells (500 total)
  MPI ranks: 1
  Slab [0, 5e-05) m
  Local agents: 5  Global agents: 5
  Chemical species: 7
  Bio dt: 60 s
  Adaptive dt: OFF
  Total time: 120 s
  GPU: OFF
  test_acetate_increases_penalty: PASSED (growth_no_acetate=1.61354e-17 growth_80mM=1.51049e-17)
GutIBM initialized:
  Domain: 10x10x5 cells (500 total)
  MPI ranks: 1
  Slab [0, 5e-05) m
  Local agents: 10  Global agents: 10
  Chemical species: 7
  Bio dt: 60 s
  Adaptive dt: OFF
  Total time: 600 s
  GPU: OFF
Step 1  t=60s  dt=60s  global_agents=9  local_agents=9  mu_avg=5.66e-05
Step 5  t=300s  dt=60s  global_agents=4  local_agents=4  mu_avg=6.45e-05
Step 10  t=600s  dt=60s  global_agents=4  local_agents=4  mu_avg=6.45e-05

Simulation complete.
  Final global agents: 4
  Steps taken: 10
  Resident retention: 40%
  Dominant lineage: 8
  test_smoke_with_acetate: PASSED (alive=4 steps=10)
GutIBM initialized:
  Domain: 8x8x8 cells (512 total)
  MPI ranks: 1
  Slab [0, 4e-05) m
  Local agents: 3  Global agents: 3
  Chemical species: 7
  Bio dt: 60 s
  Adaptive dt: OFF
  Total time: 120 s
  GPU: OFF
  test_acetate_mete_dynamic: PASSED (before=0 after=0.068)
All acetate MetE tests passed.
<end of output>
Test time =   0.00 sec
----------------------------------------------------------
Test Passed.
"acetate_mete" end time: Jul 03 18:52 UTC
"acetate_mete" time elapsed: 00:00:00
----------------------------------------------------------

11/40 Testing: protease_decay
11/40 Test: protease_decay
Command: "/workspace/build-release/tests/test_protease_decay"
Directory: /workspace/build-release/tests
"protease_decay" start time: Jul 03 18:52 UTC
Output:
----------------------------------------------------------
=== Protease Decay Tests ===
  test_burst_halflife_decay: PASSED (ratio=0.5)
  test_protease_disabled_no_decay: PASSED
  test_per_colicin_decay_rates: PASSED (ColB=0.25 MccV=0.840896)
GutIBM initialized:
  Domain: 10x10x5 cells (500 total)
  MPI ranks: 1
  Slab [0, 5e-05) m
  Local agents: 0  Global agents: 0
  Chemical species: 7
  Bio dt: 60 s
  Adaptive dt: OFF
  Total time: 86400 s
  GPU: OFF
  test_lysis_registers_burst: PASSED
All protease decay tests passed.
<end of output>
Test time =   0.01 sec
----------------------------------------------------------
Test Passed.
"protease_decay" end time: Jul 03 18:52 UTC
"protease_decay" time elapsed: 00:00:00
----------------------------------------------------------

12/40 Testing: oxygen_gradient
12/40 Test: oxygen_gradient
Command: "/workspace/build-release/tests/test_oxygen_gradient"
Directory: /workspace/build-release/tests
"oxygen_gradient" start time: Jul 03 18:52 UTC
Output:
----------------------------------------------------------
=== Oxygen Gradient Tests ===
  test_oxygen_species_registered: PASSED
  test_oxygen_z_gradient_init: PASSED
  test_oxygen_config_sensitivity: PASSED
All oxygen gradient tests passed.
<end of output>
Test time =   0.00 sec
----------------------------------------------------------
Test Passed.
"oxygen_gradient" end time: Jul 03 18:52 UTC
"oxygen_gradient" time elapsed: 00:00:00
----------------------------------------------------------

13/40 Testing: O2_growth_boost
13/40 Test: O2_growth_boost
Command: "/workspace/build-release/tests/test_O2_growth_boost"
Directory: /workspace/build-release/tests
"O2_growth_boost" start time: Jul 03 18:52 UTC
Output:
----------------------------------------------------------
=== O2 Growth Boost Tests ===
GutIBM initialized:
  Domain: 8x8x16 cells (1024 total)
  MPI ranks: 1
  Slab [0, 4e-05) m
  Local agents: 0  Global agents: 0
  Chemical species: 8
  Bio dt: 60 s
  Adaptive dt: OFF
  Total time: 86400 s
  GPU: OFF
  test_o2_growth_boost_epithelial_vs_lumen: PASSED (mu_ep=0.000216876 mu_lumen=6.86328e-06)
GutIBM initialized:
  Domain: 8x8x16 cells (1024 total)
  MPI ranks: 1
  Slab [0, 4e-05) m
  Local agents: 0  Global agents: 0
  Chemical species: 8
  Bio dt: 60 s
  Adaptive dt: OFF
  Total time: 86400 s
  GPU: OFF
  test_local_o2_accessor: PASSED (O2=4.97661e-05)
All O2 growth boost tests passed.
<end of output>
Test time =   0.01 sec
----------------------------------------------------------
Test Passed.
"O2_growth_boost" end time: Jul 03 18:52 UTC
"O2_growth_boost" time elapsed: 00:00:00
----------------------------------------------------------

14/40 Testing: mucin_liberation
14/40 Test: mucin_liberation
Command: "/workspace/build-release/tests/test_mucin_liberation"
Directory: /workspace/build-release/tests
"mucin_liberation" start time: Jul 03 18:52 UTC
Output:
----------------------------------------------------------
=== Mucin Liberation Tests ===
  test_mucin_liberation_scales_with_density: PASSED (low=909091 high=9.09091e+06)
  test_mucin_species_registered: PASSED
All mucin liberation tests passed.
<end of output>
Test time =   0.00 sec
----------------------------------------------------------
Test Passed.
"mucin_liberation" end time: Jul 03 18:52 UTC
"mucin_liberation" time elapsed: 00:00:00
----------------------------------------------------------

15/40 Testing: advection_peristaltic
15/40 Test: advection_peristaltic
Command: "/workspace/build-release/tests/test_advection_peristaltic"
Directory: /workspace/build-release/tests
"advection_peristaltic" start time: Jul 03 18:52 UTC
Output:
----------------------------------------------------------
=== Advection Peristaltic Tests ===
  test_peristaltic_disabled_gives_unity: PASSED
  test_peristaltic_disabled_velocity_unchanged: PASSED
  test_peristaltic_oscillation_uniform: PASSED
  test_peristaltic_modulates_velocity: PASSED
  test_peristaltic_propagating_wave: PASSED
  test_peristaltic_uniform_same_at_different_positions: PASSED
All peristaltic tests passed.
<end of output>
Test time =   0.00 sec
----------------------------------------------------------
Test Passed.
"advection_peristaltic" end time: Jul 03 18:52 UTC
"advection_peristaltic" time elapsed: 00:00:00
----------------------------------------------------------

16/40 Testing: ethanolamine
16/40 Test: ethanolamine
Command: "/workspace/build-release/tests/test_ethanolamine"
Directory: /workspace/build-release/tests
"ethanolamine" start time: Jul 03 18:52 UTC
Output:
----------------------------------------------------------
=== Ethanolamine Tests ===
  test_ethanolamine_species_present: PASSED
  test_metabolism_config_defaults: PASSED
GutIBM initialized:
  Domain: 2x2x1 cells (4 total)
  MPI ranks: 1
  Slab [0, 2e-05) m
  Local agents: 1  Global agents: 1
  Chemical species: 7
  Bio dt: 60 s
  Adaptive dt: OFF
  Total time: 60 s
  GPU: OFF
GutIBM initialized:
  Domain: 2x2x1 cells (4 total)
  MPI ranks: 1
  Slab [0, 2e-05) m
  Local agents: 1  Global agents: 1
  Chemical species: 7
  Bio dt: 60 s
  Adaptive dt: OFF
  Total time: 60 s
  GPU: OFF
  test_higher_eut_means_larger_penalty: PASSED (mu_low=9.79349e-07 mu_high=-1.16828e-07)
GutIBM initialized:
  Domain: 2x2x1 cells (4 total)
  MPI ranks: 1
  Slab [0, 2e-05) m
  Local agents: 1  Global agents: 1
  Chemical species: 7
  Bio dt: 60 s
  Adaptive dt: OFF
  Total time: 60 s
  GPU: OFF
GutIBM initialized:
  Domain: 2x2x1 cells (4 total)
  MPI ranks: 1
  Slab [0, 2e-05) m
  Local agents: 1  Global agents: 1
  Chemical species: 7
  Bio dt: 60 s
  Adaptive dt: OFF
  Total time: 60 s
  GPU: OFF
  test_zero_eut_means_no_eut_penalty: PASSED (mu_zero=1.09138e-06 mu_some=-2.89583e-08)
GutIBM initialized:
  Domain: 20x20x10 cells (4000 total)
  MPI ranks: 1
  Slab [0, 0.0001) m
  Local agents: 30  Global agents: 30
  Chemical species: 7
  Bio dt: 60 s
  Adaptive dt: OFF
  Total time: 300 s
  GPU: OFF
Step 1  t=60s  dt=60s  global_agents=13  local_agents=13  mu_avg=5.16e-05
Step 5  t=300s  dt=60s  global_agents=2  local_agents=2  mu_avg=7.07e-05

Simulation complete.
  Final global agents: 2
  Steps taken: 5
  Resident retention: 6.67%
  Dominant lineage: 29
  test_smoke_with_ethanolamine: PASSED (alive=2)
All ethanolamine tests passed.
<end of output>
Test time =   0.01 sec
----------------------------------------------------------
Test Passed.
"ethanolamine" end time: Jul 03 18:52 UTC
"ethanolamine" time elapsed: 00:00:00
----------------------------------------------------------

17/40 Testing: adaptive_dt
17/40 Test: adaptive_dt
Command: "/workspace/build-release/tests/test_adaptive_dt"
Directory: /workspace/build-release/tests
"adaptive_dt" start time: Jul 03 18:52 UTC
Output:
----------------------------------------------------------
=== Adaptive Timestep Tests ===
GutIBM initialized:
  Domain: 20x20x10 cells (4000 total)
  MPI ranks: 1
  Slab [0, 0.0001) m
  Local agents: 5  Global agents: 5
  Chemical species: 7
  Bio dt: 60 s
  Adaptive dt: OFF
  Total time: 120 s
  GPU: OFF
  test_disabled_returns_fixed_dt: PASSED (dt=60)
GutIBM initialized:
  Domain: 20x20x10 cells (4000 total)
  MPI ranks: 1
  Slab [0, 0.0001) m
  Local agents: 10  Global agents: 10
  Chemical species: 7
  Bio dt: 60 s
  Adaptive dt: ON [5s, 100s]
  Total time: 120 s
  GPU: OFF
  test_bounds_respected: PASSED (dt=80 in [5,100])
GutIBM initialized:
  Domain: 20x20x10 cells (4000 total)
  MPI ranks: 1
  Slab [0, 0.0001) m
  Local agents: 10  Global agents: 10
  Chemical species: 7
  Bio dt: 60 s
  Adaptive dt: ON [1s, 300s]
  Total time: 120 s
  GPU: OFF
GutIBM initialized:
  Domain: 20x20x10 cells (4000 total)
  MPI ranks: 1
  Slab [0, 0.0001) m
  Local agents: 2  Global agents: 2
  Chemical species: 7
  Bio dt: 60 s
  Adaptive dt: ON [1s, 300s]
  Total time: 120 s
  GPU: OFF
  test_high_growth_reduces_dt: PASSED (fast=5.22317 slow=240)
GutIBM initialized:
  Domain: 20x20x10 cells (4000 total)
  MPI ranks: 1
  Slab [0, 0.0001) m
  Local agents: 2  Global agents: 2
  Chemical species: 7
  Bio dt: 60 s
  Adaptive dt: ON [1s, 300s]
  Total time: 120 s
  GPU: OFF
  test_quiescent_uses_large_dt: PASSED (dt=300)
GutIBM initialized:
  Domain: 20x20x10 cells (4000 total)
  MPI ranks: 1
  Slab [0, 0.0001) m
  Local agents: 2  Global agents: 2
  Chemical species: 7
  Bio dt: 60 s
  Adaptive dt: ON [1s, 300s]
  Total time: 120 s
  GPU: OFF
  test_safety_factor_applied: PASSED (dt=150)
GutIBM initialized:
  Domain: 20x20x10 cells (4000 total)
  MPI ranks: 1
  Slab [0, 0.0001) m
  Local agents: 30  Global agents: 30
  Chemical species: 7
  Bio dt: 60 s
  Adaptive dt: ON [1s, 300s]
  Total time: 300 s
  GPU: OFF
Step 1  t=160s  dt=160s  global_agents=18  local_agents=18  mu_avg=5.11e-05
Step 2  t=300s  dt=140s  global_agents=7  local_agents=7  mu_avg=6.95e-05

Simulation complete.
  Final global agents: 7
  Steps taken: 2
  Resident retention: 23.3%
  Dominant lineage: 5
  test_adaptive_run_completes: PASSED (steps=2 time=300)
GutIBM initialized:
  Domain: 20x20x10 cells (4000 total)
  MPI ranks: 1
  Slab [0, 0.0001) m
  Local agents: 10  Global agents: 10
  Chemical species: 7
  Bio dt: 60 s
  Adaptive dt: OFF
  Total time: 180 s
  GPU: OFF
Step 1  t=60s  dt=60s  global_agents=8  local_agents=8  mu_avg=5.12e-05
Step 2  t=120s  dt=60s  global_agents=2  local_agents=2  mu_avg=7.07e-05

Simulation complete.
  Final global agents: 2
  Steps taken: 3
  Resident retention: 20%
  Dominant lineage: 2
  test_fixed_dt_run_still_works: PASSED (steps=3)
All adaptive timestep tests passed.
<end of output>
Test time =   0.01 sec
----------------------------------------------------------
Test Passed.
"adaptive_dt" end time: Jul 03 18:52 UTC
"adaptive_dt" time elapsed: 00:00:00
----------------------------------------------------------

18/40 Testing: agent_transfer
18/40 Test: agent_transfer
Command: "/workspace/build-release/tests/test_agent_transfer"
Directory: /workspace/build-release/tests
"agent_transfer" start time: Jul 03 18:52 UTC
Output:
----------------------------------------------------------
=== Agent Transfer Tests ===
  test_round_trip_preserves_state: PASSED
  test_round_trip_multiple_agents: PASSED
All agent transfer tests passed.
<end of output>
Test time =   0.00 sec
----------------------------------------------------------
Test Passed.
"agent_transfer" end time: Jul 03 18:52 UTC
"agent_transfer" time elapsed: 00:00:00
----------------------------------------------------------

19/40 Testing: fix_registry
19/40 Test: fix_registry
Command: "/workspace/build-release/tests/test_fix_registry"
Directory: /workspace/build-release/tests
"fix_registry" start time: Jul 03 18:52 UTC
Output:
----------------------------------------------------------
=== Fix Registry Tests ===
  test_default_fix_order: PASSED
GutIBM initialized:
  Domain: 25x25x13 cells (8125 total)
  MPI ranks: 1
  Slab [0, 5e-05) m
  Local agents: 0  Global agents: 0
  Chemical species: 7
  Bio dt: 60 s
  Adaptive dt: OFF
  Total time: 86400 s
  GPU: OFF
  test_create_all_fixes: PASSED
GutIBM initialized:
  Domain: 25x25x13 cells (8125 total)
  MPI ranks: 1
  Slab [0, 5e-05) m
  Local agents: 5  Global agents: 5
  Chemical species: 7
  Bio dt: 60 s
  Adaptive dt: OFF
  Total time: 120 s
  GPU: OFF
Step 1  t=60s  dt=60s  global_agents=3  local_agents=3  mu_avg=5.63e-05

Simulation complete.
  Final global agents: 3
  Steps taken: 2
  Resident retention: 60%
  Dominant lineage: 3
  test_subset_fixes: PASSED
All fix registry tests passed.
<end of output>
Test time =   0.01 sec
----------------------------------------------------------
Test Passed.
"fix_registry" end time: Jul 03 18:52 UTC
"fix_registry" time elapsed: 00:00:00
----------------------------------------------------------

20/40 Testing: path_utils
20/40 Test: path_utils
Command: "/workspace/build-release/tests/test_path_utils"
Directory: /workspace/build-release/tests
"path_utils" start time: Jul 03 18:52 UTC
Output:
----------------------------------------------------------
=== Path Validation Tests ===
  test_rejects_parent_traversal: PASSED
  test_rejects_null_byte: PASSED
  test_secure_temp_file_is_private: PASSED
  test_validate_input_file: PASSED
  test_resolve_test_h5_path_env_override: PASSED
All path validation tests passed.
<end of output>
Test time =   0.00 sec
----------------------------------------------------------
Test Passed.
"path_utils" end time: Jul 03 18:52 UTC
"path_utils" time elapsed: 00:00:00
----------------------------------------------------------

21/40 Testing: input_parser
21/40 Test: input_parser
Command: "/workspace/build-release/tests/test_input_parser"
Directory: /workspace/build-release/tests
"input_parser" start time: Jul 03 18:52 UTC
Output:
----------------------------------------------------------
=== Input Parser Example Tests ===
  test_single_colony_example: PASSED
  test_single_colony_peristaltic_keys: PASSED
  test_diversity_paradox_example: PASSED
  test_fmm_peristaltic_fixture: PASSED
  test_strain_fixture: PASSED
  test_diversity_paradox_strains: PASSED
GutIBM initialized:
  Domain: 25x25x13 cells (8125 total)
  MPI ranks: 1
  Slab [0, 5e-05) m
  Local agents: 16  Global agents: 16
  Chemical species: 7
  Bio dt: 60 s
  Adaptive dt: OFF
  Total time: 1 s
  GPU: OFF
  test_strain_spawn_integration: PASSED
GutIBM initialized:
  Domain: 20x20x10 cells (4000 total)
  MPI ranks: 1
  Slab [0, 0.0001) m
  Local agents: 10  Global agents: 10
  Chemical species: 7
  Bio dt: 60 s
  Adaptive dt: OFF
  Total time: 600 s
  GPU: OFF
  test_fixes_fixture: PASSED
  test_fix_tunables_fixture: PASSED
  test_json_document_parser: PASSED
  test_malformed_numeric_warnings_json: PASSED
  test_malformed_numeric_warnings_legacy: PASSED
Warning: config key 'domain_x' has invalid numeric value '1mm' — using 0
Warning: JSON config parse failed: invalid config value for key 'domain_x' — falling back to legacy parser
Warning: config key 'domain_x' has invalid numeric value '1mm' — using 0
  test_strict_config_aborts_on_bad_numeric: PASSED
All input parser example tests passed.
<end of output>
Test time =   0.01 sec
----------------------------------------------------------
Test Passed.
"input_parser" end time: Jul 03 18:52 UTC
"input_parser" time elapsed: 00:00:00
----------------------------------------------------------

22/40 Testing: config_ingestion
22/40 Test: config_ingestion
Command: "/workspace/build-release/tests/test_config_ingestion"
Directory: /workspace/build-release/tests
"config_ingestion" start time: Jul 03 18:52 UTC
Output:
----------------------------------------------------------
=== Config Ingestion Tracking Tests ===
  test_every_flat_key_ingests_via_apply: PASSED (195 keys)
  test_every_flat_key_ingests_via_json_document: PASSED (151 keys)
  test_strain_and_array_keys: checked strain + array keys
  test_all_parser_keys_are_tracked: 204 parser keys checked against tracked probes
All config ingestion tracking tests passed.
<end of output>
Test time =   0.00 sec
----------------------------------------------------------
Test Passed.
"config_ingestion" end time: Jul 03 18:52 UTC
"config_ingestion" time elapsed: 00:00:00
----------------------------------------------------------

23/40 Testing: bacteriocin
23/40 Test: bacteriocin
Command: "/workspace/build-release/tests/test_bacteriocin"
Directory: /workspace/build-release/tests
"bacteriocin" start time: Jul 03 18:52 UTC
Output:
----------------------------------------------------------
=== Bacteriocin Fix Tests ===
  test_pi_diffusion_classes: PASSED
GutIBM initialized:
  Domain: 10x10x5 cells (500 total)
  MPI ranks: 1
  Slab [0, 5e-05) m
  Local agents: 0  Global agents: 0
  Chemical species: 7
  Bio dt: 60 s
  Adaptive dt: OFF
  Total time: 86400 s
  GPU: OFF
  test_microcin_mu_penalty: PASSED
GutIBM initialized:
  Domain: 10x10x5 cells (500 total)
  MPI ranks: 1
  Slab [0, 5e-05) m
  Local agents: 0  Global agents: 0
  Chemical species: 7
  Bio dt: 60 s
  Adaptive dt: OFF
  Total time: 86400 s
  GPU: OFF
  test_sos_induction_requires_bi_loci: PASSED
GutIBM initialized:
  Domain: 10x10x5 cells (500 total)
  MPI ranks: 1
  Slab [0, 5e-05) m
  Local agents: 0  Global agents: 0
  Chemical species: 7
  Bio dt: 60 s
  Adaptive dt: OFF
  Total time: 86400 s
  GPU: OFF
  test_sos_induction_high_basal_rate: PASSED
GutIBM initialized:
  Domain: 10x10x5 cells (500 total)
  MPI ranks: 1
  Slab [0, 5e-05) m
  Local agents: 0  Global agents: 0
  Chemical species: 7
  Bio dt: 60 s
  Adaptive dt: OFF
  Total time: 86400 s
  GPU: OFF
  test_sos_induction_on_division: PASSED
GutIBM initialized:
  Domain: 10x10x5 cells (500 total)
  MPI ranks: 1
  Slab [0, 5e-05) m
  Local agents: 0  Global agents: 0
  Chemical species: 7
  Bio dt: 60 s
  Adaptive dt: OFF
  Total time: 86400 s
  GPU: OFF
  test_no_sos_without_division: PASSED
GutIBM initialized:
  Domain: 10x10x5 cells (500 total)
  MPI ranks: 1
  Slab [0, 5e-05) m
  Local agents: 0  Global agents: 0
  Chemical species: 7
  Bio dt: 60 s
  Adaptive dt: OFF
  Total time: 86400 s
  GPU: OFF
  test_phage_induction: PASSED
GutIBM initialized:
  Domain: 10x10x5 cells (500 total)
  MPI ranks: 1
  Slab [0, 5e-05) m
  Local agents: 0  Global agents: 0
  Chemical species: 7
  Bio dt: 60 s
  Adaptive dt: OFF
  Total time: 86400 s
  GPU: OFF
  test_phage_does_not_trigger_sos_path: PASSED
GutIBM initialized:
  Domain: 10x10x5 cells (500 total)
  MPI ranks: 1
  Slab [0, 5e-05) m
  Local agents: 0  Global agents: 0
  Chemical species: 7
  Bio dt: 60 s
  Adaptive dt: OFF
  Total time: 86400 s
  GPU: OFF
  test_microcin_no_lysis: PASSED
GutIBM initialized:
  Domain: 10x10x5 cells (500 total)
  MPI ranks: 1
  Slab [0, 5e-05) m
  Local agents: 0  Global agents: 0
  Chemical species: 7
  Bio dt: 60 s
  Adaptive dt: OFF
  Total time: 86400 s
  GPU: OFF
  test_cross_induction: PASSED
GutIBM initialized:
  Domain: 10x10x5 cells (500 total)
  MPI ranks: 1
  Slab [0, 5e-05) m
  Local agents: 0  Global agents: 0
  Chemical species: 7
  Bio dt: 60 s
  Adaptive dt: OFF
  Total time: 86400 s
  GPU: OFF
  test_per_colicin_burst_size: PASSED
GutIBM initialized:
  Domain: 10x10x5 cells (500 total)
  MPI ranks: 1
  Slab [0, 5e-05) m
  Local agents: 0  Global agents: 0
  Chemical species: 7
  Bio dt: 60 s
  Adaptive dt: OFF
  Total time: 86400 s
  GPU: OFF
  test_sos_lysis_post_step: PASSED
All bacteriocin fix tests passed.
<end of output>
Test time =   0.00 sec
----------------------------------------------------------
Test Passed.
"bacteriocin" end time: Jul 03 18:52 UTC
"bacteriocin" time elapsed: 00:00:00
----------------------------------------------------------

24/40 Testing: receptor
24/40 Test: receptor
Command: "/workspace/build-release/tests/test_receptor"
Directory: /workspace/build-release/tests
"receptor" start time: Jul 03 18:52 UTC
Output:
----------------------------------------------------------
=== Receptor Fix Tests ===
GutIBM initialized:
  Domain: 10x10x5 cells (500 total)
  MPI ranks: 1
  Slab [0, 5e-05) m
  Local agents: 0  Global agents: 0
  Chemical species: 7
  Bio dt: 60 s
  Adaptive dt: OFF
  Total time: 86400 s
  GPU: OFF
  test_high_toxin_kills_susceptible: PASSED
GutIBM initialized:
  Domain: 10x10x5 cells (500 total)
  MPI ranks: 1
  Slab [0, 5e-05) m
  Local agents: 0  Global agents: 0
  Chemical species: 7
  Bio dt: 60 s
  Adaptive dt: OFF
  Total time: 86400 s
  GPU: OFF
GutIBM initialized:
  Domain: 10x10x5 cells (500 total)
  MPI ranks: 1
  Slab [0, 5e-05) m
  Local agents: 0  Global agents: 0
  Chemical species: 7
  Bio dt: 60 s
  Adaptive dt: OFF
  Total time: 86400 s
  GPU: OFF
  test_immunity_reduces_lethality: PASSED
GutIBM initialized:
  Domain: 10x10x5 cells (500 total)
  MPI ranks: 1
  Slab [0, 5e-05) m
  Local agents: 0  Global agents: 0
  Chemical species: 7
  Bio dt: 60 s
  Adaptive dt: OFF
  Total time: 86400 s
  GPU: OFF
GutIBM initialized:
  Domain: 10x10x5 cells (500 total)
  MPI ranks: 1
  Slab [0, 5e-05) m
  Local agents: 0  Global agents: 0
  Chemical species: 7
  Bio dt: 60 s
  Adaptive dt: OFF
  Total time: 86400 s
  GPU: OFF
  test_ligand_competition_reduces_kill: PASSED
GutIBM initialized:
  Domain: 10x10x5 cells (500 total)
  MPI ranks: 1
  Slab [0, 5e-05) m
  Local agents: 0  Global agents: 0
  Chemical species: 7
  Bio dt: 60 s
  Adaptive dt: OFF
  Total time: 86400 s
  GPU: OFF
GutIBM initialized:
  Domain: 10x10x5 cells (500 total)
  MPI ranks: 1
  Slab [0, 5e-05) m
  Local agents: 0  Global agents: 0
  Chemical species: 7
  Bio dt: 60 s
  Adaptive dt: OFF
  Total time: 86400 s
  GPU: OFF
  test_partial_resistance_reduces_lethality: PASSED
All receptor fix tests passed.
<end of output>
Test time =   0.01 sec
----------------------------------------------------------
Test Passed.
"receptor" end time: Jul 03 18:52 UTC
"receptor" time elapsed: 00:00:00
----------------------------------------------------------

25/40 Testing: mutation
25/40 Test: mutation
Command: "/workspace/build-release/tests/test_mutation"
Directory: /workspace/build-release/tests
"mutation" start time: Jul 03 18:52 UTC
Output:
----------------------------------------------------------
=== Mutation Fix Tests ===
GutIBM initialized:
  Domain: 10x10x5 cells (500 total)
  MPI ranks: 1
  Slab [0, 5e-05) m
  Local agents: 0  Global agents: 0
  Chemical species: 7
  Bio dt: 60 s
  Adaptive dt: OFF
  Total time: 86400 s
  GPU: OFF
  test_bi_duplication_increases_loci: PASSED
GutIBM initialized:
  Domain: 10x10x5 cells (500 total)
  MPI ranks: 1
  Slab [0, 5e-05) m
  Local agents: 0  Global agents: 0
  Chemical species: 7
  Bio dt: 60 s
  Adaptive dt: OFF
  Total time: 86400 s
  GPU: OFF
  test_receptor_downregulation_reduces_expression: PASSED
GutIBM initialized:
  Domain: 10x10x5 cells (500 total)
  MPI ranks: 1
  Slab [0, 5e-05) m
  Local agents: 0  Global agents: 0
  Chemical species: 7
  Bio dt: 60 s
  Adaptive dt: OFF
  Total time: 86400 s
  GPU: OFF
  test_partial_resistance_sets_affinity: PASSED
GutIBM initialized:
  Domain: 10x10x5 cells (500 total)
  MPI ranks: 1
  Slab [0, 5e-05) m
  Local agents: 0  Global agents: 0
  Chemical species: 7
  Bio dt: 60 s
  Adaptive dt: OFF
  Total time: 86400 s
  GPU: OFF
  test_super_killer_immunity_escape: PASSED
GutIBM initialized:
  Domain: 10x10x5 cells (500 total)
  MPI ranks: 1
  Slab [0, 5e-05) m
  Local agents: 0  Global agents: 0
  Chemical species: 7
  Bio dt: 60 s
  Adaptive dt: OFF
  Total time: 86400 s
  GPU: OFF
  test_mutation_skips_aged_agents: PASSED
All mutation fix tests passed.
<end of output>
Test time =   0.00 sec
----------------------------------------------------------
Test Passed.
"mutation" end time: Jul 03 18:52 UTC
"mutation" time elapsed: 00:00:00
----------------------------------------------------------

26/40 Testing: fur
26/40 Test: fur
Command: "/workspace/build-release/tests/test_fur"
Directory: /workspace/build-release/tests
"fur" start time: Jul 03 18:52 UTC
Output:
----------------------------------------------------------
=== Fur Regulation Tests ===
GutIBM initialized:
  Domain: 10x10x5 cells (500 total)
  MPI ranks: 1
  Slab [0, 5e-05) m
  Local agents: 0  Global agents: 0
  Chemical species: 7
  Bio dt: 60 s
  Adaptive dt: OFF
  Total time: 86400 s
  GPU: OFF
  test_fur_upregulation: PASSED
GutIBM initialized:
  Domain: 10x10x5 cells (500 total)
  MPI ranks: 1
  Slab [0, 5e-05) m
  Local agents: 0  Global agents: 0
  Chemical species: 7
  Bio dt: 60 s
  Adaptive dt: OFF
  Total time: 86400 s
  GPU: OFF
  test_fur_repression: PASSED
GutIBM initialized:
  Domain: 10x10x5 cells (500 total)
  MPI ranks: 1
  Slab [0, 5e-05) m
  Local agents: 0  Global agents: 0
  Chemical species: 7
  Bio dt: 60 s
  Adaptive dt: OFF
  Total time: 86400 s
  GPU: OFF
GutIBM initialized:
  Domain: 10x10x5 cells (500 total)
  MPI ranks: 1
  Slab [0, 5e-05) m
  Local agents: 0  Global agents: 0
  Chemical species: 7
  Bio dt: 60 s
  Adaptive dt: OFF
  Total time: 86400 s
  GPU: OFF
GutIBM initialized:
  Domain: 10x10x5 cells (500 total)
  MPI ranks: 1
  Slab [0, 5e-05) m
  Local agents: 0  Global agents: 0
  Chemical species: 7
  Bio dt: 60 s
  Adaptive dt: OFF
  Total time: 86400 s
  GPU: OFF
GutIBM initialized:
  Domain: 10x10x5 cells (500 total)
  MPI ranks: 1
  Slab [0, 5e-05) m
  Local agents: 0  Global agents: 0
  Chemical species: 7
  Bio dt: 60 s
  Adaptive dt: OFF
  Total time: 86400 s
  GPU: OFF
GutIBM initialized:
  Domain: 10x10x5 cells (500 total)
  MPI ranks: 1
  Slab [0, 5e-05) m
  Local agents: 0  Global agents: 0
  Chemical species: 7
  Bio dt: 60 s
  Adaptive dt: OFF
  Total time: 86400 s
  GPU: OFF
GutIBM initialized:
  Domain: 10x10x5 cells (500 total)
  MPI ranks: 1
  Slab [0, 5e-05) m
  Local agents: 0  Global agents: 0
  Chemical species: 7
  Bio dt: 60 s
  Adaptive dt: OFF
  Total time: 86400 s
  GPU: OFF
GutIBM initialized:
  Domain: 10x10x5 cells (500 total)
  MPI ranks: 1
  Slab [0, 5e-05) m
  Local agents: 0  Global agents: 0
  Chemical species: 7
  Bio dt: 60 s
  Adaptive dt: OFF
  Total time: 86400 s
  GPU: OFF
GutIBM initialized:
  Domain: 10x10x5 cells (500 total)
  MPI ranks: 1
  Slab [0, 5e-05) m
  Local agents: 0  Global agents: 0
  Chemical species: 7
  Bio dt: 60 s
  Adaptive dt: OFF
  Total time: 86400 s
  GPU: OFF
GutIBM initialized:
  Domain: 10x10x5 cells (500 total)
  MPI ranks: 1
  Slab [0, 5e-05) m
  Local agents: 0  Global agents: 0
  Chemical species: 7
  Bio dt: 60 s
  Adaptive dt: OFF
  Total time: 86400 s
  GPU: OFF
GutIBM initialized:
  Domain: 10x10x5 cells (500 total)
  MPI ranks: 1
  Slab [0, 5e-05) m
  Local agents: 0  Global agents: 0
  Chemical species: 7
  Bio dt: 60 s
  Adaptive dt: OFF
  Total time: 86400 s
  GPU: OFF
GutIBM initialized:
  Domain: 10x10x5 cells (500 total)
  MPI ranks: 1
  Slab [0, 5e-05) m
  Local agents: 0  Global agents: 0
  Chemical species: 7
  Bio dt: 60 s
  Adaptive dt: OFF
  Total time: 86400 s
  GPU: OFF
GutIBM initialized:
  Domain: 10x10x5 cells (500 total)
  MPI ranks: 1
  Slab [0, 5e-05) m
  Local agents: 0  Global agents: 0
  Chemical species: 7
  Bio dt: 60 s
  Adaptive dt: OFF
  Total time: 86400 s
  GPU: OFF
GutIBM initialized:
  Domain: 10x10x5 cells (500 total)
  MPI ranks: 1
  Slab [0, 5e-05) m
  Local agents: 0  Global agents: 0
  Chemical species: 7
  Bio dt: 60 s
  Adaptive dt: OFF
  Total time: 86400 s
  GPU: OFF
GutIBM initialized:
  Domain: 10x10x5 cells (500 total)
  MPI ranks: 1
  Slab [0, 5e-05) m
  Local agents: 0  Global agents: 0
  Chemical species: 7
  Bio dt: 60 s
  Adaptive dt: OFF
  Total time: 86400 s
  GPU: OFF
GutIBM initialized:
  Domain: 10x10x5 cells (500 total)
  MPI ranks: 1
  Slab [0, 5e-05) m
  Local agents: 0  Global agents: 0
  Chemical species: 7
  Bio dt: 60 s
  Adaptive dt: OFF
  Total time: 86400 s
  GPU: OFF
GutIBM initialized:
  Domain: 10x10x5 cells (500 total)
  MPI ranks: 1
  Slab [0, 5e-05) m
  Local agents: 0  Global agents: 0
  Chemical species: 7
  Bio dt: 60 s
  Adaptive dt: OFF
  Total time: 86400 s
  GPU: OFF
GutIBM initialized:
  Domain: 10x10x5 cells (500 total)
  MPI ranks: 1
  Slab [0, 5e-05) m
  Local agents: 0  Global agents: 0
  Chemical species: 7
  Bio dt: 60 s
  Adaptive dt: OFF
  Total time: 86400 s
  GPU: OFF
GutIBM initialized:
  Domain: 10x10x5 cells (500 total)
  MPI ranks: 1
  Slab [0, 5e-05) m
  Local agents: 0  Global agents: 0
  Chemical species: 7
  Bio dt: 60 s
  Adaptive dt: OFF
  Total time: 86400 s
  GPU: OFF
GutIBM initialized:
  Domain: 10x10x5 cells (500 total)
  MPI ranks: 1
  Slab [0, 5e-05) m
  Local agents: 0  Global agents: 0
  Chemical species: 7
  Bio dt: 60 s
  Adaptive dt: OFF
  Total time: 86400 s
  GPU: OFF
GutIBM initialized:
  Domain: 10x10x5 cells (500 total)
  MPI ranks: 1
  Slab [0, 5e-05) m
  Local agents: 0  Global agents: 0
  Chemical species: 7
  Bio dt: 60 s
  Adaptive dt: OFF
  Total time: 86400 s
  GPU: OFF
GutIBM initialized:
  Domain: 10x10x5 cells (500 total)
  MPI ranks: 1
  Slab [0, 5e-05) m
  Local agents: 0  Global agents: 0
  Chemical species: 7
  Bio dt: 60 s
  Adaptive dt: OFF
  Total time: 86400 s
  GPU: OFF
GutIBM initialized:
  Domain: 10x10x5 cells (500 total)
  MPI ranks: 1
  Slab [0, 5e-05) m
  Local agents: 0  Global agents: 0
  Chemical species: 7
  Bio dt: 60 s
  Adaptive dt: OFF
  Total time: 86400 s
  GPU: OFF
GutIBM initialized:
  Domain: 10x10x5 cells (500 total)
  MPI ranks: 1
  Slab [0, 5e-05) m
  Local agents: 0  Global agents: 0
  Chemical species: 7
  Bio dt: 60 s
  Adaptive dt: OFF
  Total time: 86400 s
  GPU: OFF
GutIBM initialized:
  Domain: 10x10x5 cells (500 total)
  MPI ranks: 1
  Slab [0, 5e-05) m
  Local agents: 0  Global agents: 0
  Chemical species: 7
  Bio dt: 60 s
  Adaptive dt: OFF
  Total time: 86400 s
  GPU: OFF
GutIBM initialized:
  Domain: 10x10x5 cells (500 total)
  MPI ranks: 1
  Slab [0, 5e-05) m
  Local agents: 0  Global agents: 0
  Chemical species: 7
  Bio dt: 60 s
  Adaptive dt: OFF
  Total time: 86400 s
  GPU: OFF
GutIBM initialized:
  Domain: 10x10x5 cells (500 total)
  MPI ranks: 1
  Slab [0, 5e-05) m
  Local agents: 0  Global agents: 0
  Chemical species: 7
  Bio dt: 60 s
  Adaptive dt: OFF
  Total time: 86400 s
  GPU: OFF
GutIBM initialized:
  Domain: 10x10x5 cells (500 total)
  MPI ranks: 1
  Slab [0, 5e-05) m
  Local agents: 0  Global agents: 0
  Chemical species: 7
  Bio dt: 60 s
  Adaptive dt: OFF
  Total time: 86400 s
  GPU: OFF
GutIBM initialized:
  Domain: 10x10x5 cells (500 total)
  MPI ranks: 1
  Slab [0, 5e-05) m
  Local agents: 0  Global agents: 0
  Chemical species: 7
  Bio dt: 60 s
  Adaptive dt: OFF
  Total time: 86400 s
  GPU: OFF
GutIBM initialized:
  Domain: 10x10x5 cells (500 total)
  MPI ranks: 1
  Slab [0, 5e-05) m
  Local agents: 0  Global agents: 0
  Chemical species: 7
  Bio dt: 60 s
  Adaptive dt: OFF
  Total time: 86400 s
  GPU: OFF
GutIBM initialized:
  Domain: 10x10x5 cells (500 total)
  MPI ranks: 1
  Slab [0, 5e-05) m
  Local agents: 0  Global agents: 0
  Chemical species: 7
  Bio dt: 60 s
  Adaptive dt: OFF
  Total time: 86400 s
  GPU: OFF
GutIBM initialized:
  Domain: 10x10x5 cells (500 total)
  MPI ranks: 1
  Slab [0, 5e-05) m
  Local agents: 0  Global agents: 0
  Chemical species: 7
  Bio dt: 60 s
  Adaptive dt: OFF
  Total time: 86400 s
  GPU: OFF
GutIBM initialized:
  Domain: 10x10x5 cells (500 total)
  MPI ranks: 1
  Slab [0, 5e-05) m
  Local agents: 0  Global agents: 0
  Chemical species: 7
  Bio dt: 60 s
  Adaptive dt: OFF
  Total time: 86400 s
  GPU: OFF
GutIBM initialized:
  Domain: 10x10x5 cells (500 total)
  MPI ranks: 1
  Slab [0, 5e-05) m
  Local agents: 0  Global agents: 0
  Chemical species: 7
  Bio dt: 60 s
  Adaptive dt: OFF
  Total time: 86400 s
  GPU: OFF
GutIBM initialized:
  Domain: 10x10x5 cells (500 total)
  MPI ranks: 1
  Slab [0, 5e-05) m
  Local agents: 0  Global agents: 0
  Chemical species: 7
  Bio dt: 60 s
  Adaptive dt: OFF
  Total time: 86400 s
  GPU: OFF
GutIBM initialized:
  Domain: 10x10x5 cells (500 total)
  MPI ranks: 1
  Slab [0, 5e-05) m
  Local agents: 0  Global agents: 0
  Chemical species: 7
  Bio dt: 60 s
  Adaptive dt: OFF
  Total time: 86400 s
  GPU: OFF
GutIBM initialized:
  Domain: 10x10x5 cells (500 total)
  MPI ranks: 1
  Slab [0, 5e-05) m
  Local agents: 0  Global agents: 0
  Chemical species: 7
  Bio dt: 60 s
  Adaptive dt: OFF
  Total time: 86400 s
  GPU: OFF
GutIBM initialized:
  Domain: 10x10x5 cells (500 total)
  MPI ranks: 1
  Slab [0, 5e-05) m
  Local agents: 0  Global agents: 0
  Chemical species: 7
  Bio dt: 60 s
  Adaptive dt: OFF
  Total time: 86400 s
  GPU: OFF
GutIBM initialized:
  Domain: 10x10x5 cells (500 total)
  MPI ranks: 1
  Slab [0, 5e-05) m
  Local agents: 0  Global agents: 0
  Chemical species: 7
  Bio dt: 60 s
  Adaptive dt: OFF
  Total time: 86400 s
  GPU: OFF
GutIBM initialized:
  Domain: 10x10x5 cells (500 total)
  MPI ranks: 1
  Slab [0, 5e-05) m
  Local agents: 0  Global agents: 0
  Chemical species: 7
  Bio dt: 60 s
  Adaptive dt: OFF
  Total time: 86400 s
  GPU: OFF
GutIBM initialized:
  Domain: 10x10x5 cells (500 total)
  MPI ranks: 1
  Slab [0, 5e-05) m
  Local agents: 0  Global agents: 0
  Chemical species: 7
  Bio dt: 60 s
  Adaptive dt: OFF
  Total time: 86400 s
  GPU: OFF
GutIBM initialized:
  Domain: 10x10x5 cells (500 total)
  MPI ranks: 1
  Slab [0, 5e-05) m
  Local agents: 0  Global agents: 0
  Chemical species: 7
  Bio dt: 60 s
  Adaptive dt: OFF
  Total time: 86400 s
  GPU: OFF
GutIBM initialized:
  Domain: 10x10x5 cells (500 total)
  MPI ranks: 1
  Slab [0, 5e-05) m
  Local agents: 0  Global agents: 0
  Chemical species: 7
  Bio dt: 60 s
  Adaptive dt: OFF
  Total time: 86400 s
  GPU: OFF
GutIBM initialized:
  Domain: 10x10x5 cells (500 total)
  MPI ranks: 1
  Slab [0, 5e-05) m
  Local agents: 0  Global agents: 0
  Chemical species: 7
  Bio dt: 60 s
  Adaptive dt: OFF
  Total time: 86400 s
  GPU: OFF
GutIBM initialized:
  Domain: 10x10x5 cells (500 total)
  MPI ranks: 1
  Slab [0, 5e-05) m
  Local agents: 0  Global agents: 0
  Chemical species: 7
  Bio dt: 60 s
  Adaptive dt: OFF
  Total time: 86400 s
  GPU: OFF
GutIBM initialized:
  Domain: 10x10x5 cells (500 total)
  MPI ranks: 1
  Slab [0, 5e-05) m
  Local agents: 0  Global agents: 0
  Chemical species: 7
  Bio dt: 60 s
  Adaptive dt: OFF
  Total time: 86400 s
  GPU: OFF
GutIBM initialized:
  Domain: 10x10x5 cells (500 total)
  MPI ranks: 1
  Slab [0, 5e-05) m
  Local agents: 0  Global agents: 0
  Chemical species: 7
  Bio dt: 60 s
  Adaptive dt: OFF
  Total time: 86400 s
  GPU: OFF
GutIBM initialized:
  Domain: 10x10x5 cells (500 total)
  MPI ranks: 1
  Slab [0, 5e-05) m
  Local agents: 0  Global agents: 0
  Chemical species: 7
  Bio dt: 60 s
  Adaptive dt: OFF
  Total time: 86400 s
  GPU: OFF
GutIBM initialized:
  Domain: 10x10x5 cells (500 total)
  MPI ranks: 1
  Slab [0, 5e-05) m
  Local agents: 0  Global agents: 0
  Chemical species: 7
  Bio dt: 60 s
  Adaptive dt: OFF
  Total time: 86400 s
  GPU: OFF
GutIBM initialized:
  Domain: 10x10x5 cells (500 total)
  MPI ranks: 1
  Slab [0, 5e-05) m
  Local agents: 0  Global agents: 0
  Chemical species: 7
  Bio dt: 60 s
  Adaptive dt: OFF
  Total time: 86400 s
  GPU: OFF
GutIBM initialized:
  Domain: 10x10x5 cells (500 total)
  MPI ranks: 1
  Slab [0, 5e-05) m
  Local agents: 0  Global agents: 0
  Chemical species: 7
  Bio dt: 60 s
  Adaptive dt: OFF
  Total time: 86400 s
  GPU: OFF
GutIBM initialized:
  Domain: 10x10x5 cells (500 total)
  MPI ranks: 1
  Slab [0, 5e-05) m
  Local agents: 0  Global agents: 0
  Chemical species: 7
  Bio dt: 60 s
  Adaptive dt: OFF
  Total time: 86400 s
  GPU: OFF
GutIBM initialized:
  Domain: 10x10x5 cells (500 total)
  MPI ranks: 1
  Slab [0, 5e-05) m
  Local agents: 0  Global agents: 0
  Chemical species: 7
  Bio dt: 60 s
  Adaptive dt: OFF
  Total time: 86400 s
  GPU: OFF
GutIBM initialized:
  Domain: 10x10x5 cells (500 total)
  MPI ranks: 1
  Slab [0, 5e-05) m
  Local agents: 0  Global agents: 0
  Chemical species: 7
  Bio dt: 60 s
  Adaptive dt: OFF
  Total time: 86400 s
  GPU: OFF
GutIBM initialized:
  Domain: 10x10x5 cells (500 total)
  MPI ranks: 1
  Slab [0, 5e-05) m
  Local agents: 0  Global agents: 0
  Chemical species: 7
  Bio dt: 60 s
  Adaptive dt: OFF
  Total time: 86400 s
  GPU: OFF
GutIBM initialized:
  Domain: 10x10x5 cells (500 total)
  MPI ranks: 1
  Slab [0, 5e-05) m
  Local agents: 0  Global agents: 0
  Chemical species: 7
  Bio dt: 60 s
  Adaptive dt: OFF
  Total time: 86400 s
  GPU: OFF
GutIBM initialized:
  Domain: 10x10x5 cells (500 total)
  MPI ranks: 1
  Slab [0, 5e-05) m
  Local agents: 0  Global agents: 0
  Chemical species: 7
  Bio dt: 60 s
  Adaptive dt: OFF
  Total time: 86400 s
  GPU: OFF
GutIBM initialized:
  Domain: 10x10x5 cells (500 total)
  MPI ranks: 1
  Slab [0, 5e-05) m
  Local agents: 0  Global agents: 0
  Chemical species: 7
  Bio dt: 60 s
  Adaptive dt: OFF
  Total time: 86400 s
  GPU: OFF
GutIBM initialized:
  Domain: 10x10x5 cells (500 total)
  MPI ranks: 1
  Slab [0, 5e-05) m
  Local agents: 0  Global agents: 0
  Chemical species: 7
  Bio dt: 60 s
  Adaptive dt: OFF
  Total time: 86400 s
  GPU: OFF
GutIBM initialized:
  Domain: 10x10x5 cells (500 total)
  MPI ranks: 1
  Slab [0, 5e-05) m
  Local agents: 0  Global agents: 0
  Chemical species: 7
  Bio dt: 60 s
  Adaptive dt: OFF
  Total time: 86400 s
  GPU: OFF
GutIBM initialized:
  Domain: 10x10x5 cells (500 total)
  MPI ranks: 1
  Slab [0, 5e-05) m
  Local agents: 0  Global agents: 0
  Chemical species: 7
  Bio dt: 60 s
  Adaptive dt: OFF
  Total time: 86400 s
  GPU: OFF
GutIBM initialized:
  Domain: 10x10x5 cells (500 total)
  MPI ranks: 1
  Slab [0, 5e-05) m
  Local agents: 0  Global agents: 0
  Chemical species: 7
  Bio dt: 60 s
  Adaptive dt: OFF
  Total time: 86400 s
  GPU: OFF
GutIBM initialized:
  Domain: 10x10x5 cells (500 total)
  MPI ranks: 1
  Slab [0, 5e-05) m
  Local agents: 0  Global agents: 0
  Chemical species: 7
  Bio dt: 60 s
  Adaptive dt: OFF
  Total time: 86400 s
  GPU: OFF
GutIBM initialized:
  Domain: 10x10x5 cells (500 total)
  MPI ranks: 1
  Slab [0, 5e-05) m
  Local agents: 0  Global agents: 0
  Chemical species: 7
  Bio dt: 60 s
  Adaptive dt: OFF
  Total time: 86400 s
  GPU: OFF
GutIBM initialized:
  Domain: 10x10x5 cells (500 total)
  MPI ranks: 1
  Slab [0, 5e-05) m
  Local agents: 0  Global agents: 0
  Chemical species: 7
  Bio dt: 60 s
  Adaptive dt: OFF
  Total time: 86400 s
  GPU: OFF
GutIBM initialized:
  Domain: 10x10x5 cells (500 total)
  MPI ranks: 1
  Slab [0, 5e-05) m
  Local agents: 0  Global agents: 0
  Chemical species: 7
  Bio dt: 60 s
  Adaptive dt: OFF
  Total time: 86400 s
  GPU: OFF
GutIBM initialized:
  Domain: 10x10x5 cells (500 total)
  MPI ranks: 1
  Slab [0, 5e-05) m
  Local agents: 0  Global agents: 0
  Chemical species: 7
  Bio dt: 60 s
  Adaptive dt: OFF
  Total time: 86400 s
  GPU: OFF
GutIBM initialized:
  Domain: 10x10x5 cells (500 total)
  MPI ranks: 1
  Slab [0, 5e-05) m
  Local agents: 0  Global agents: 0
  Chemical species: 7
  Bio dt: 60 s
  Adaptive dt: OFF
  Total time: 86400 s
  GPU: OFF
GutIBM initialized:
  Domain: 10x10x5 cells (500 total)
  MPI ranks: 1
  Slab [0, 5e-05) m
  Local agents: 0  Global agents: 0
  Chemical species: 7
  Bio dt: 60 s
  Adaptive dt: OFF
  Total time: 86400 s
  GPU: OFF
GutIBM initialized:
  Domain: 10x10x5 cells (500 total)
  MPI ranks: 1
  Slab [0, 5e-05) m
  Local agents: 0  Global agents: 0
  Chemical species: 7
  Bio dt: 60 s
  Adaptive dt: OFF
  Total time: 86400 s
  GPU: OFF
GutIBM initialized:
  Domain: 10x10x5 cells (500 total)
  MPI ranks: 1
  Slab [0, 5e-05) m
  Local agents: 0  Global agents: 0
  Chemical species: 7
  Bio dt: 60 s
  Adaptive dt: OFF
  Total time: 86400 s
  GPU: OFF
GutIBM initialized:
  Domain: 10x10x5 cells (500 total)
  MPI ranks: 1
  Slab [0, 5e-05) m
  Local agents: 0  Global agents: 0
  Chemical species: 7
  Bio dt: 60 s
  Adaptive dt: OFF
  Total time: 86400 s
  GPU: OFF
GutIBM initialized:
  Domain: 10x10x5 cells (500 total)
  MPI ranks: 1
  Slab [0, 5e-05) m
  Local agents: 0  Global agents: 0
  Chemical species: 7
  Bio dt: 60 s
  Adaptive dt: OFF
  Total time: 86400 s
  GPU: OFF
GutIBM initialized:
  Domain: 10x10x5 cells (500 total)
  MPI ranks: 1
  Slab [0, 5e-05) m
  Local agents: 0  Global agents: 0
  Chemical species: 7
  Bio dt: 60 s
  Adaptive dt: OFF
  Total time: 86400 s
  GPU: OFF
GutIBM initialized:
  Domain: 10x10x5 cells (500 total)
  MPI ranks: 1
  Slab [0, 5e-05) m
  Local agents: 0  Global agents: 0
  Chemical species: 7
  Bio dt: 60 s
  Adaptive dt: OFF
  Total time: 86400 s
  GPU: OFF
GutIBM initialized:
  Domain: 10x10x5 cells (500 total)
  MPI ranks: 1
  Slab [0, 5e-05) m
  Local agents: 0  Global agents: 0
  Chemical species: 7
  Bio dt: 60 s
  Adaptive dt: OFF
  Total time: 86400 s
  GPU: OFF
GutIBM initialized:
  Domain: 10x10x5 cells (500 total)
  MPI ranks: 1
  Slab [0, 5e-05) m
  Local agents: 0  Global agents: 0
  Chemical species: 7
  Bio dt: 60 s
  Adaptive dt: OFF
  Total time: 86400 s
  GPU: OFF
GutIBM initialized:
  Domain: 10x10x5 cells (500 total)
  MPI ranks: 1
  Slab [0, 5e-05) m
  Local agents: 0  Global agents: 0
  Chemical species: 7
  Bio dt: 60 s
  Adaptive dt: OFF
  Total time: 86400 s
  GPU: OFF
GutIBM initialized:
  Domain: 10x10x5 cells (500 total)
  MPI ranks: 1
  Slab [0, 5e-05) m
  Local agents: 0  Global agents: 0
  Chemical species: 7
  Bio dt: 60 s
  Adaptive dt: OFF
  Total time: 86400 s
  GPU: OFF
GutIBM initialized:
  Domain: 10x10x5 cells (500 total)
  MPI ranks: 1
  Slab [0, 5e-05) m
  Local agents: 0  Global agents: 0
  Chemical species: 7
  Bio dt: 60 s
  Adaptive dt: OFF
  Total time: 86400 s
  GPU: OFF
GutIBM initialized:
  Domain: 10x10x5 cells (500 total)
  MPI ranks: 1
  Slab [0, 5e-05) m
  Local agents: 0  Global agents: 0
  Chemical species: 7
  Bio dt: 60 s
  Adaptive dt: OFF
  Total time: 86400 s
  GPU: OFF
  test_fur_increases_susceptibility: PASSED
All fur regulation tests passed.
<end of output>
Test time =   0.01 sec
----------------------------------------------------------
Test Passed.
"fur" end time: Jul 03 18:52 UTC
"fur" time elapsed: 00:00:00
----------------------------------------------------------

27/40 Testing: cdi
27/40 Test: cdi
Command: "/workspace/build-release/tests/test_cdi"
Directory: /workspace/build-release/tests
"cdi" start time: Jul 03 18:52 UTC
Output:
----------------------------------------------------------
=== CDI Tests ===
GutIBM initialized:
  Domain: 10x10x5 cells (500 total)
  MPI ranks: 1
  Slab [0, 5e-05) m
  Local agents: 0  Global agents: 0
  Chemical species: 7
  Bio dt: 60 s
  Adaptive dt: OFF
  Total time: 86400 s
  GPU: OFF
  test_cdi_kills_neighbor: PASSED
GutIBM initialized:
  Domain: 10x10x5 cells (500 total)
  MPI ranks: 1
  Slab [0, 5e-05) m
  Local agents: 0  Global agents: 0
  Chemical species: 7
  Bio dt: 60 s
  Adaptive dt: OFF
  Total time: 86400 s
  GPU: OFF
  test_cdi_immunity_protects: PASSED
GutIBM initialized:
  Domain: 10x10x5 cells (500 total)
  MPI ranks: 1
  Slab [0, 5e-05) m
  Local agents: 0  Global agents: 0
  Chemical species: 7
  Bio dt: 60 s
  Adaptive dt: OFF
  Total time: 86400 s
  GPU: OFF
GutIBM initialized:
  Domain: 10x10x5 cells (500 total)
  MPI ranks: 1
  Slab [0, 5e-05) m
  Local agents: 0  Global agents: 0
  Chemical species: 7
  Bio dt: 60 s
  Adaptive dt: OFF
  Total time: 86400 s
  GPU: OFF
  test_cdi_corpse_barrier: PASSED
All CDI tests passed.
<end of output>
Test time =   0.00 sec
----------------------------------------------------------
Test Passed.
"cdi" end time: Jul 03 18:52 UTC
"cdi" time elapsed: 00:00:00
----------------------------------------------------------

28/40 Testing: motility
28/40 Test: motility
Command: "/workspace/build-release/tests/test_motility"
Directory: /workspace/build-release/tests
"motility" start time: Jul 03 18:52 UTC
Output:
----------------------------------------------------------
=== Motility Tests ===
GutIBM initialized:
  Domain: 10x10x5 cells (500 total)
  MPI ranks: 1
  Slab [0, 5e-05) m
  Local agents: 0  Global agents: 0
  Chemical species: 7
  Bio dt: 60 s
  Adaptive dt: OFF
  Total time: 86400 s
  GPU: OFF
GutIBM initialized:
  Domain: 10x10x5 cells (500 total)
  MPI ranks: 1
  Slab [0, 5e-05) m
  Local agents: 0  Global agents: 0
  Chemical species: 7
  Bio dt: 60 s
  Adaptive dt: OFF
  Total time: 86400 s
  GPU: OFF
  test_motility_displacement: PASSED
GutIBM initialized:
  Domain: 10x10x5 cells (500 total)
  MPI ranks: 1
  Slab [0, 5e-05) m
  Local agents: 0  Global agents: 0
  Chemical species: 7
  Bio dt: 60 s
  Adaptive dt: OFF
  Total time: 86400 s
  GPU: OFF
  test_chemotaxis_bias: PASSED
All motility tests passed.
<end of output>
Test time =   0.00 sec
----------------------------------------------------------
Test Passed.
"motility" end time: Jul 03 18:52 UTC
"motility" time elapsed: 00:00:00
----------------------------------------------------------

29/40 Testing: scaling_benchmark
29/40 Test: scaling_benchmark
Command: "/workspace/build-release/tests/test_scaling_benchmark"
Directory: /workspace/build-release/tests
"scaling_benchmark" start time: Jul 03 18:52 UTC
Output:
----------------------------------------------------------
GutIBM initialized:
  Domain: 50x50x25 cells (62500 total)
  MPI ranks: 1
  Slab [0, 0.0002) m
  Local agents: 500  Global agents: 500
  Chemical species: 7
  Bio dt: 60 s
  Adaptive dt: OFF
  Total time: 120 s
  GPU: OFF
GutIBM initialized:
  Domain: 50x50x25 cells (62500 total)
  MPI ranks: 1
  Slab [0, 0.0002) m
  Local agents: 1500  Global agents: 1500
  Chemical species: 7
  Bio dt: 60 s
  Adaptive dt: OFF
  Total time: 120 s
  GPU: OFF
GutIBM initialized:
  Domain: 50x50x25 cells (62500 total)
  MPI ranks: 1
  Slab [0, 0.0002) m
  Local agents: 3000  Global agents: 3000
  Chemical species: 7
  Bio dt: 60 s
  Adaptive dt: OFF
  Total time: 120 s
  GPU: OFF
BENCHMARK agents=500 ranks=1 use_fmm=0 step_ms=2.82156 chemistry_ms=0.481722 biology_ms=1.55312 hash_ms=0.070095 rss_mb=28 bytes_per_agent=60399.6
BENCHMARK agents=1500 ranks=1 use_fmm=0 step_ms=8.10552 chemistry_ms=0.363129 biology_ms=5.68048 hash_ms=0.184241 rss_mb=30 bytes_per_agent=20993.4
BENCHMARK agents=3000 ranks=1 use_fmm=0 step_ms=18.5795 chemistry_ms=0.402743 biology_ms=13.3005 hash_ms=0.331483 rss_mb=33 bytes_per_agent=11546.6
All scaling benchmark smoke tests passed.
<end of output>
Test time =   0.34 sec
----------------------------------------------------------
Test Passed.
"scaling_benchmark" end time: Jul 03 18:52 UTC
"scaling_benchmark" time elapsed: 00:00:00
----------------------------------------------------------

30/40 Testing: mechanics
30/40 Test: mechanics
Command: "/workspace/build-release/tests/test_mechanics"
Directory: /workspace/build-release/tests
"mechanics" start time: Jul 03 18:52 UTC
Output:
----------------------------------------------------------
=== Mechanics Tests (Issue #16) ===
GutIBM initialized:
  Domain: 10x10x10 cells (1000 total)
  MPI ranks: 1
  Slab [0, 0.0001) m
  Local agents: 0  Global agents: 0
  Chemical species: 7
  Bio dt: 60 s
  Adaptive dt: OFF
  Total time: 86400 s
  GPU: OFF
  test_overlapping_agents_pushed_apart: PASSED
GutIBM initialized:
  Domain: 10x10x10 cells (1000 total)
  MPI ranks: 1
  Slab [0, 0.0001) m
  Local agents: 0  Global agents: 0
  Chemical species: 7
  Bio dt: 60 s
  Adaptive dt: OFF
  Total time: 86400 s
  GPU: OFF
GutIBM initialized:
  Domain: 10x10x10 cells (1000 total)
  MPI ranks: 1
  Slab [0, 0.0001) m
  Local agents: 0  Global agents: 0
  Chemical species: 7
  Bio dt: 60 s
  Adaptive dt: OFF
  Total time: 86400 s
  GPU: OFF
  test_hertzian_force_scaling: PASSED
GutIBM initialized:
  Domain: 10x10x10 cells (1000 total)
  MPI ranks: 1
  Slab [0, 0.0001) m
  Local agents: 0  Global agents: 0
  Chemical species: 7
  Bio dt: 60 s
  Adaptive dt: OFF
  Total time: 86400 s
  GPU: OFF
  test_no_force_without_overlap: PASSED
GutIBM initialized:
  Domain: 10x10x10 cells (1000 total)
  MPI ranks: 1
  Slab [0, 0.0001) m
  Local agents: 0  Global agents: 0
  Chemical species: 7
  Bio dt: 60 s
  Adaptive dt: OFF
  Total time: 86400 s
  GPU: OFF
  test_adhesion_holds_agents: PASSED
GutIBM initialized:
  Domain: 10x10x10 cells (1000 total)
  MPI ranks: 1
  Slab [0, 0.0001) m
  Local agents: 0  Global agents: 0
  Chemical species: 7
  Bio dt: 60 s
  Adaptive dt: OFF
  Total time: 86400 s
  GPU: OFF
  test_no_adhesion_beyond_range: PASSED
GutIBM initialized:
  Domain: 10x10x10 cells (1000 total)
  MPI ranks: 1
  Slab [0, 0.0001) m
  Local agents: 0  Global agents: 0
  Chemical species: 7
  Bio dt: 60 s
  Adaptive dt: OFF
  Total time: 86400 s
  GPU: OFF
  test_dead_agents_ignored: PASSED
All mechanics tests passed.
<end of output>
Test time =   0.00 sec
----------------------------------------------------------
Test Passed.
"mechanics" end time: Jul 03 18:52 UTC
"mechanics" time elapsed: 00:00:00
----------------------------------------------------------

31/40 Testing: immunity_escape
31/40 Test: immunity_escape
Command: "/workspace/build-release/tests/test_immunity_escape"
Directory: /workspace/build-release/tests
"immunity_escape" start time: Jul 03 18:52 UTC
Output:
----------------------------------------------------------
=== Immunity-Escape Tests ===
  test_bicluster_default_affinity: PASSED
  test_escape_mutation_reduces_affinity: PASSED
  test_immunity_effectiveness_with_escape: PASSED
GutIBM initialized:
  Domain: 10x10x5 cells (500 total)
  MPI ranks: 1
  Slab [0, 5e-05) m
  Local agents: 20  Global agents: 20
  Chemical species: 7
  Bio dt: 60 s
  Adaptive dt: OFF
  Total time: 600 s
  GPU: OFF
Step 1  t=60s  dt=60s  global_agents=18  local_agents=18  mu_avg=5.68e-05
Step 10  t=600s  dt=60s  global_agents=10  local_agents=10  mu_avg=6.3e-05

Simulation complete.
  Final global agents: 10
  Steps taken: 10
  Resident retention: 50%
  Dominant lineage: 14
  test_create_novel_toxin_with_escape: PASSED (escape_bi=5 total_bi=15)
GutIBM initialized:
  Domain: 20x20x10 cells (4000 total)
  MPI ranks: 1
  Slab [0, 0.0001) m
  Local agents: 30  Global agents: 30
  Chemical species: 7
  Bio dt: 60 s
  Adaptive dt: OFF
  Total time: 600 s
  GPU: OFF
Step 1  t=60s  dt=60s  global_agents=21  local_agents=21  mu_avg=5.2e-05
Step 10  t=600s  dt=60s  global_agents=9  local_agents=9  mu_avg=6.39e-05

Simulation complete.
  Final global agents: 9
  Steps taken: 10
  Resident retention: 30%
  Dominant lineage: 7
  test_smoke_with_immunity_escape: PASSED (producers=3 immune=3 naive=3 escape_bi=1)
All immunity-escape tests passed.
<end of output>
Test time =   0.01 sec
----------------------------------------------------------
Test Passed.
"immunity_escape" end time: Jul 03 18:52 UTC
"immunity_escape" time elapsed: 00:00:00
----------------------------------------------------------

32/40 Testing: smoke
32/40 Test: smoke
Command: "/workspace/build-release/tests/test_smoke"
Directory: /workspace/build-release/tests
"smoke" start time: Jul 03 18:52 UTC
Output:
----------------------------------------------------------
=== Smoke Tests ===
GutIBM initialized:
  Domain: 20x20x10 cells (4000 total)
  MPI ranks: 1
  Slab [0, 0.0001) m
  Local agents: 50  Global agents: 50
  Chemical species: 7
  Bio dt: 60 s
  Adaptive dt: OFF
  Total time: 600 s
  GPU: OFF
Step 1  t=60s  dt=60s  global_agents=22  local_agents=22  mu_avg=5.24e-05
Step 5  t=300s  dt=60s  global_agents=4  local_agents=4  mu_avg=6.95e-05
Step 10  t=600s  dt=60s  global_agents=1  local_agents=1  mu_avg=6.9e-05

Simulation complete.
  Final global agents: 1
  Steps taken: 10
  Resident retention: 2%
  Dominant lineage: 9
  test_mini_simulation: PASSED (alive=1 steps=10 retention=0.02)
GutIBM initialized:
  Domain: 10x10x5 cells (500 total)
  MPI ranks: 1
  Slab [0, 5e-05) m
  Local agents: 5  Global agents: 5
  Chemical species: 7
  Bio dt: 60 s
  Adaptive dt: OFF
  Total time: 120 s
  GPU: OFF
Step 1  t=60s  dt=60s  global_agents=4  local_agents=4  mu_avg=5.97e-05
Step 2  t=120s  dt=60s  global_agents=3  local_agents=3  mu_avg=6.53e-05

Simulation complete.
  Final global agents: 3
  Steps taken: 2
  Resident retention: 60%
  Dominant lineage: 3
  test_metabolism_integration: PASSED (initial=2.88e-15 final=1.74e-15)
GutIBM initialized:
  Domain: 10x10x5 cells (500 total)
  MPI ranks: 1
  Slab [0, 0.0001) m
  Local agents: 10  Global agents: 10
  Chemical species: 7
  Bio dt: 60 s
  Adaptive dt: OFF
  Total time: 60 s
  GPU: OFF
  test_advection_moves_agents: PASSED
GutIBM initialized:
  Domain: 10x10x5 cells (500 total)
  MPI ranks: 1
  Slab [0, 5e-05) m
  Local agents: 20  Global agents: 20
  Chemical species: 7
  Bio dt: 60 s
  Adaptive dt: OFF
  Total time: 600 s
  GPU: OFF
Step 1  t=60s  dt=60s  global_agents=18  local_agents=18  mu_avg=6.14e-05
Step 10  t=600s  dt=60s  global_agents=7  local_agents=7  mu_avg=6.93e-05

Simulation complete.
  Final global agents: 7
  Steps taken: 10
  Resident retention: 35%
  Dominant lineage: 7
  test_receptor_killing: PASSED (producers=6 targets=1)
GutIBM initialized:
  Domain: 10x10x10 cells (1000 total)
  MPI ranks: 1
  Slab [0, 5e-05) m
  Local agents: 1  Global agents: 1
  Chemical species: 7
  Bio dt: 60 s
  Adaptive dt: OFF
  Total time: 60 s
  GPU: OFF
  test_metabolic_washout_trap: PASSED (mu=-1e-05 gamma=0.000158)
GutIBM initialized:
  Domain: 10x10x10 cells (1000 total)
  MPI ranks: 1
  Slab [0, 5e-05) m
  Local agents: 1  Global agents: 1
  Chemical species: 7
  Bio dt: 60 s
  Adaptive dt: OFF
  Total time: 60 s
  GPU: OFF
  test_metabolic_washout_survives_above_threshold: PASSED
GutIBM initialized:
  Domain: 10x10x10 cells (1000 total)
  MPI ranks: 1
  Slab [0, 5e-05) m
  Local agents: 10  Global agents: 10
  Chemical species: 7
  Bio dt: 60 s
  Adaptive dt: OFF
  Total time: 600 s
  GPU: OFF
Step 1  t=60s  dt=60s  global_agents=10  local_agents=10  mu_avg=5.87e-05
Step 10  t=600s  dt=60s  global_agents=10  local_agents=10  mu_avg=7.32e-05

Simulation complete.
  Final global agents: 10
  Steps taken: 10
  Resident retention: 100%
  Dominant lineage: 10
  test_crypt_agents_survive_washout: PASSED (alive=10/10)
  test_crypt_zero_velocity: PASSED
GutIBM initialized:
  Domain: 10x10x10 cells (1000 total)
  MPI ranks: 1
  Slab [0, 5e-05) m
  Local agents: 20  Global agents: 20
  Chemical species: 7
  Bio dt: 60 s
  Adaptive dt: OFF
  Total time: 600 s
  GPU: OFF
Step 1  t=60s  dt=60s  global_agents=20  local_agents=20  mu_avg=5.09e-05
Step 10  t=600s  dt=60s  global_agents=9  local_agents=9  mu_avg=7.91e-05

Simulation complete.
  Final global agents: 9
  Steps taken: 10
  Resident retention: 45%
  Dominant lineage: 8
  test_crypt_migration_in_out: PASSED
GutIBM initialized:
  Domain: 10x10x5 cells (500 total)
  MPI ranks: 1
  Slab [0, 5e-05) m
  Local agents: 30  Global agents: 30
  Chemical species: 7
  Bio dt: 60 s
  Adaptive dt: OFF
  Total time: 600 s
  GPU: OFF
Step 1  t=60s  dt=60s  global_agents=15  local_agents=15  mu_avg=5.51e-05
Step 10  t=600s  dt=60s  global_agents=0  local_agents=0  mu_avg=0

Simulation complete.
  Final global agents: 0
  Steps taken: 10
  Resident retention: 0%
  Dominant lineage: 0
  test_partial_resistance_survival: PASSED (susceptible=0 partial_res=0)
All smoke tests passed.
<end of output>
Test time =   0.01 sec
----------------------------------------------------------
Test Passed.
"smoke" end time: Jul 03 18:52 UTC
"smoke" time elapsed: 00:00:00
----------------------------------------------------------

33/40 Testing: config_diversity
33/40 Test: config_diversity
Command: "/workspace/build-release/tests/test_config_diversity"
Directory: /workspace/build-release/tests
"config_diversity" start time: Jul 03 18:52 UTC
Output:
----------------------------------------------------------
=== Config Diversity Tests ===
GutIBM initialized:
  Domain: 20x20x20 cells (8000 total)
  MPI ranks: 1
  Slab [0, 8e-05) m
  Local agents: 16  Global agents: 16
  Chemical species: 7
  Bio dt: 60 s
  Adaptive dt: OFF
  Total time: 180 s
  GPU: OFF
Step 1  t=60s  dt=60s  global_agents=11  local_agents=11  mu_avg=5.53e-05
Step 3  t=180s  dt=60s  global_agents=2  local_agents=2  mu_avg=7.7e-05

Simulation complete.
  Final global agents: 2
  Steps taken: 3
  Resident retention: 12.5%
  Dominant lineage: 11
GutIBM initialized:
  Domain: 16x16x10 cells (2560 total)
  MPI ranks: 1
  Slab [0, 8e-05) m
  Local agents: 10  Global agents: 10
  Chemical species: 7
  Bio dt: 60 s
  Adaptive dt: OFF
  Total time: 180 s
  GPU: OFF
Step 1  t=60s  dt=60s  global_agents=4  local_agents=4  mu_avg=5.38e-05
Step 3  t=180s  dt=60s  global_agents=4  local_agents=4  mu_avg=6.9e-05

Simulation complete.
  Final global agents: 4
  Steps taken: 3
  Resident retention: 40%
  Dominant lineage: 9
GutIBM initialized:
  Domain: 10x10x5 cells (500 total)
  MPI ranks: 1
  Slab [0, 5e-05) m
  Local agents: 10  Global agents: 10
  Chemical species: 7
  Bio dt: 60 s
  Adaptive dt: OFF
  Total time: 180 s
  GPU: OFF
Step 1  t=60s  dt=60s  global_agents=3  local_agents=3  mu_avg=5.59e-05
Step 3  t=180s  dt=60s  global_agents=1  local_agents=1  mu_avg=6.45e-05

Simulation complete.
  Final global agents: 1
  Steps taken: 3
  Resident retention: 10%
  Dominant lineage: 8
GutIBM initialized:
  Domain: 20x20x20 cells (8000 total)
  MPI ranks: 1
  Slab [0, 8e-05) m
  Local agents: 40  Global agents: 40
  Chemical species: 7
  Bio dt: 60 s
  Adaptive dt: OFF
  Total time: 180 s
  GPU: OFF
Step 1  t=60s  dt=60s  global_agents=20  local_agents=20  mu_avg=4.5e-05
Step 3  t=180s  dt=60s  global_agents=6  local_agents=6  mu_avg=7.44e-05

Simulation complete.
  Final global agents: 6
  Steps taken: 3
  Resident retention: 15%
  Dominant lineage: 13
GutIBM initialized:
  Domain: 16x16x8 cells (2048 total)
  MPI ranks: 1
  Slab [0, 8e-05) m
  Local agents: 12  Global agents: 12
  Chemical species: 7
  Bio dt: 60 s
  Adaptive dt: OFF
  Total time: 180 s
  GPU: OFF
Step 1  t=60s  dt=60s  global_agents=7  local_agents=7  mu_avg=4.99e-05
Step 3  t=180s  dt=60s  global_agents=0  local_agents=0  mu_avg=0

Simulation complete.
  Final global agents: 0
  Steps taken: 3
  Resident retention: 0%
  Dominant lineage: 0
  test_fixture_configs_produce_distinct_fingerprints: PASSED (5 scenarios)
GutIBM initialized:
  Domain: 20x20x20 cells (8000 total)
  MPI ranks: 1
  Slab [0, 8e-05) m
  Local agents: 40  Global agents: 40
  Chemical species: 7
  Bio dt: 60 s
  Adaptive dt: OFF
  Total time: 180 s
  GPU: OFF
Step 1  t=60s  dt=60s  global_agents=19  local_agents=19  mu_avg=4.61e-05
Step 3  t=180s  dt=60s  global_agents=5  local_agents=5  mu_avg=7.3e-05

Simulation complete.
  Final global agents: 5
  Steps taken: 3
  Resident retention: 12.5%
  Dominant lineage: 5
GutIBM initialized:
  Domain: 20x20x20 cells (8000 total)
  MPI ranks: 1
  Slab [0, 8e-05) m
  Local agents: 40  Global agents: 40
  Chemical species: 7
  Bio dt: 60 s
  Adaptive dt: OFF
  Total time: 180 s
  GPU: OFF
Step 1  t=60s  dt=60s  global_agents=19  local_agents=19  mu_avg=4.73e-05
Step 3  t=180s  dt=60s  global_agents=4  local_agents=4  mu_avg=7.29e-05

Simulation complete.
  Final global agents: 4
  Steps taken: 3
  Resident retention: 10%
  Dominant lineage: 7
  test_example_configs_differ: PASSED
GutIBM initialized:
  Domain: 16x16x8 cells (2048 total)
  MPI ranks: 1
  Slab [0, 8e-05) m
  Local agents: 12  Global agents: 12
  Chemical species: 7
  Bio dt: 60 s
  Adaptive dt: OFF
  Total time: 180 s
  GPU: OFF
Step 1  t=60s  dt=60s  global_agents=9  local_agents=9  mu_avg=5.2e-05
Step 3  t=180s  dt=60s  global_agents=2  local_agents=2  mu_avg=6.26e-05

Simulation complete.
  Final global agents: 2
  Steps taken: 3
  Resident retention: 16.7%
  Dominant lineage: 2
GutIBM initialized:
  Domain: 16x16x8 cells (2048 total)
  MPI ranks: 1
  Slab [0, 8e-05) m
  Local agents: 12  Global agents: 12
  Chemical species: 7
  Bio dt: 60 s
  Adaptive dt: OFF
  Total time: 180 s
  GPU: OFF
Step 1  t=60s  dt=60s  global_agents=5  local_agents=5  mu_avg=4.91e-05
Step 3  t=180s  dt=60s  global_agents=1  local_agents=1  mu_avg=6.26e-05

Simulation complete.
  Final global agents: 1
  Steps taken: 3
  Resident retention: 8.33%
  Dominant lineage: 8
GutIBM initialized:
  Domain: 16x16x10 cells (2560 total)
  MPI ranks: 1
  Slab [0, 8e-05) m
  Local agents: 10  Global agents: 10
  Chemical species: 7
  Bio dt: 60 s
  Adaptive dt: OFF
  Total time: 180 s
  GPU: OFF
Step 1  t=60s  dt=60s  global_agents=4  local_agents=4  mu_avg=4.47e-05
Step 3  t=180s  dt=60s  global_agents=4  local_agents=4  mu_avg=6.9e-05

Simulation complete.
  Final global agents: 4
  Steps taken: 3
  Resident retention: 40%
  Dominant lineage: 4
  test_seed_and_fix_subset_change_outcomes: PASSED
GutIBM initialized:
  Domain: 16x16x10 cells (2560 total)
  MPI ranks: 1
  Slab [0, 8e-05) m
  Local agents: 10  Global agents: 10
  Chemical species: 7
  Bio dt: 60 s
  Adaptive dt: OFF
  Total time: 180 s
  GPU: OFF
GutIBM initialized:
  Domain: 16x16x10 cells (2560 total)
  MPI ranks: 1
  Slab [0, 8e-05) m
  Local agents: 10  Global agents: 10
  Chemical species: 7
  Bio dt: 60 s
  Adaptive dt: OFF
  Total time: 180 s
  GPU: OFF
  test_parsed_fix_list_is_honored: PASSED
GutIBM initialized:
  Domain: 10x10x5 cells (500 total)
  MPI ranks: 1
  Slab [0, 5e-05) m
  Local agents: 10  Global agents: 10
  Chemical species: 7
  Bio dt: 60 s
  Adaptive dt: OFF
  Total time: 180 s
  GPU: OFF
GutIBM initialized:
  Domain: 10x10x5 cells (500 total)
  MPI ranks: 1
  Slab [0, 5e-05) m
  Local agents: 10  Global agents: 10
  Chemical species: 7
  Bio dt: 60 s
  Adaptive dt: OFF
  Total time: 180 s
  GPU: OFF
GutIBM initialized:
  Domain: 10x10x5 cells (500 total)
  MPI ranks: 1
  Slab [0, 5e-05) m
  Local agents: 4  Global agents: 4
  Chemical species: 7
  Bio dt: 60 s
  Adaptive dt: OFF
  Total time: 180 s
  GPU: OFF
GutIBM initialized:
  Domain: 10x10x5 cells (500 total)
  MPI ranks: 1
  Slab [0, 5e-05) m
  Local agents: 4  Global agents: 4
  Chemical species: 7
  Bio dt: 60 s
  Adaptive dt: OFF
  Total time: 180 s
  GPU: OFF
  test_fix_tunables_reach_simulation: PASSED
GutIBM initialized:
  Domain: 16x16x8 cells (2048 total)
  MPI ranks: 1
  Slab [0, 8e-05) m
  Local agents: 12  Global agents: 12
  Chemical species: 7
  Bio dt: 60 s
  Adaptive dt: OFF
  Total time: 180 s
  GPU: OFF
Step 1  t=60s  dt=60s  global_agents=8  local_agents=8  mu_avg=4.67e-05
Step 3  t=180s  dt=60s  global_agents=1  local_agents=1  mu_avg=6.26e-05

Simulation complete.
  Final global agents: 1
  Steps taken: 3
  Resident retention: 8.33%
  Dominant lineage: 8
GutIBM initialized:
  Domain: 16x16x8 cells (2048 total)
  MPI ranks: 1
  Slab [0, 8e-05) m
  Local agents: 12  Global agents: 12
  Chemical species: 7
  Bio dt: 60 s
  Adaptive dt: OFF
  Total time: 180 s
  GPU: OFF
Step 1  t=60s  dt=60s  global_agents=8  local_agents=8  mu_avg=4.67e-05
Step 3  t=180s  dt=60s  global_agents=0  local_agents=0  mu_avg=0

Simulation complete.
  Final global agents: 0
  Steps taken: 3
  Resident retention: 0%
  Dominant lineage: 0
  test_peristaltic_toggle_changes_fingerprint: PASSED
GutIBM initialized:
  Domain: 16x16x8 cells (2048 total)
  MPI ranks: 1
  Slab [0, 8e-05) m
  Local agents: 12  Global agents: 12
  Chemical species: 7
  Bio dt: 60 s
  Adaptive dt: OFF
  Total time: 180 s
  GPU: OFF
Step 1  t=60s  dt=60s  global_agents=5  local_agents=5  mu_avg=5.04e-05
Step 3  t=180s  dt=60s  global_agents=1  local_agents=1  mu_avg=6.26e-05

Simulation complete.
  Final global agents: 1
  Steps taken: 3
  Resident retention: 8.33%
  Dominant lineage: 11
GutIBM initialized:
  Domain: 16x16x8 cells (2048 total)
  MPI ranks: 1
  Slab [0, 8e-05) m
  Local agents: 12  Global agents: 12
  Chemical species: 7
  Bio dt: 60 s
  Adaptive dt: OFF
  Total time: 180 s
  GPU: OFF
Step 1  t=60s  dt=60s  global_agents=5  local_agents=5  mu_avg=5.04e-05
Step 3  t=180s  dt=60s  global_agents=1  local_agents=1  mu_avg=6.26e-05

Simulation complete.
  Final global agents: 1
  Steps taken: 3
  Resident retention: 8.33%
  Dominant lineage: 11
  test_same_config_is_reproducible: PASSED
All config diversity tests passed.
<end of output>
Test time =   0.01 sec
----------------------------------------------------------
Test Passed.
"config_diversity" end time: Jul 03 18:52 UTC
"config_diversity" time elapsed: 00:00:00
----------------------------------------------------------

34/40 Testing: openmp_parity
34/40 Test: openmp_parity
Command: "/workspace/build-release/tests/test_openmp_parity"
Directory: /workspace/build-release/tests
"openmp_parity" start time: Jul 03 18:52 UTC
Output:
----------------------------------------------------------
=== OpenMP Parity Tests ===
  test_openmp_compile_flag: PASSED (OpenMP disabled, serial mode)
GutIBM initialized:
  Domain: 20x20x10 cells (4000 total)
  MPI ranks: 1
  Slab [0, 0.0001) m
  Local agents: 30  Global agents: 30
  Chemical species: 7
  Bio dt: 60 s
  Adaptive dt: OFF
  Total time: 300 s
  GPU: OFF
Step 1  t=60s  dt=60s  global_agents=20  local_agents=20  mu_avg=4.97e-05
Step 5  t=300s  dt=60s  global_agents=3  local_agents=3  mu_avg=6.38e-05

Simulation complete.
  Final global agents: 3
  Steps taken: 5
  Resident retention: 10%
  Dominant lineage: 10
  test_simulation_completes: PASSED (alive=3 steps=5)
GutIBM initialized:
  Domain: 20x20x10 cells (4000 total)
  MPI ranks: 1
  Slab [0, 0.0001) m
  Local agents: 10  Global agents: 10
  Chemical species: 7
  Bio dt: 60 s
  Adaptive dt: OFF
  Total time: 300 s
  GPU: OFF
Step 1  t=60s  dt=60s  global_agents=9  local_agents=9  mu_avg=5.58e-05
Step 5  t=300s  dt=60s  global_agents=5  local_agents=5  mu_avg=6.53e-05

Simulation complete.
  Final global agents: 5
  Steps taken: 5
  Resident retention: 50%
  Dominant lineage: 5
GutIBM initialized:
  Domain: 20x20x10 cells (4000 total)
  MPI ranks: 1
  Slab [0, 0.0001) m
  Local agents: 10  Global agents: 10
  Chemical species: 7
  Bio dt: 60 s
  Adaptive dt: OFF
  Total time: 300 s
  GPU: OFF
Step 1  t=60s  dt=60s  global_agents=9  local_agents=9  mu_avg=5.58e-05
Step 5  t=300s  dt=60s  global_agents=5  local_agents=5  mu_avg=6.53e-05

Simulation complete.
  Final global agents: 5
  Steps taken: 5
  Resident retention: 50%
  Dominant lineage: 5
  test_deterministic_growth: PASSED (biomass0=2.94e-15 biomass1=2.94e-15 rel_diff=0)
GutIBM initialized:
  Domain: 20x20x10 cells (4000 total)
  MPI ranks: 1
  Slab [0, 0.0001) m
  Local agents: 30  Global agents: 30
  Chemical species: 7
  Bio dt: 60 s
  Adaptive dt: OFF
  Total time: 300 s
  GPU: OFF
  test_chemical_field_parity: carbon sum=21.2
  test_chemical_field_parity: PASSED
GutIBM initialized:
  Domain: 20x20x10 cells (4000 total)
  MPI ranks: 1
  Slab [0, 0.0001) m
  Local agents: 30  Global agents: 30
  Chemical species: 7
  Bio dt: 60 s
  Adaptive dt: OFF
  Total time: 300 s
  GPU: OFF
  test_grid_coupling_consistency: PASSED
GutIBM initialized:
  Domain: 16x16x8 cells (2048 total)
  MPI ranks: 1
  Slab [0, 8e-05) m
  Local agents: 12  Global agents: 12
  Chemical species: 7
  Bio dt: 60 s
  Adaptive dt: OFF
  Total time: 180 s
  GPU: OFF
Step 1  t=60s  dt=60s  global_agents=9  local_agents=9  mu_avg=4.52e-05
Step 3  t=180s  dt=60s  global_agents=6  local_agents=6  mu_avg=5.02e-05

Simulation complete.
  Final global agents: 6
  Steps taken: 3
  Resident retention: 50%
  Dominant lineage: 9
FINGERPRINT=2d4dd4bdfd35976a
  test_cross_build_fingerprint: PASSED (fp=2d4dd4bdfd35976a)
All OpenMP parity tests passed.
<end of output>
Test time =   0.01 sec
----------------------------------------------------------
Test Passed.
"openmp_parity" end time: Jul 03 18:52 UTC
"openmp_parity" time elapsed: 00:00:00
----------------------------------------------------------

35/40 Testing: hdf5_roundtrip
35/40 Test: hdf5_roundtrip
Command: "/workspace/build-release/tests/test_hdf5_roundtrip"
Directory: /workspace/build-release/tests
"hdf5_roundtrip" start time: Jul 03 18:52 UTC
Output:
----------------------------------------------------------
=== HDF5 Serial Round-Trip Tests ===
GutIBM initialized:
  Domain: 10x10x5 cells (500 total)
  MPI ranks: 1
  Slab [0, 5e-05) m
  Local agents: 12  Global agents: 12
  Chemical species: 7
  Bio dt: 60 s
  Adaptive dt: OFF
  Total time: 120 s
  GPU: OFF
Step 1  t=60s  dt=60s  global_agents=6  local_agents=6  mu_avg=6.06e-05
Step 2  t=120s  dt=60s  global_agents=1  local_agents=1  mu_avg=6.9e-05

Simulation complete.
  Final global agents: 1
  Steps taken: 2
  Resident retention: 8.33%
  Dominant lineage: 4
  test_serial_roundtrip: PASSED
All HDF5 round-trip tests passed.
<end of output>
Test time =   0.29 sec
----------------------------------------------------------
Test Passed.
"hdf5_roundtrip" end time: Jul 03 18:52 UTC
"hdf5_roundtrip" time elapsed: 00:00:00
----------------------------------------------------------

36/40 Testing: hdf5_checkpoint
36/40 Test: hdf5_checkpoint
Command: "/workspace/build-release/tests/test_hdf5_checkpoint"
Directory: /workspace/build-release/tests
"hdf5_checkpoint" start time: Jul 03 18:52 UTC
Output:
----------------------------------------------------------
=== HDF5 Checkpoint Restart Tests ===
GutIBM initialized:
  Domain: 10x10x5 cells (500 total)
  MPI ranks: 1
  Slab [0, 5e-05) m
  Local agents: 12  Global agents: 12
  Chemical species: 7
  Bio dt: 60 s
  Adaptive dt: OFF
  Total time: 180 s
  GPU: OFF
Step 1  t=60s  dt=60s  global_agents=5  local_agents=5  mu_avg=6.16e-05
Step 2  t=120s  dt=60s  global_agents=3  local_agents=3  mu_avg=7.01e-05
Step 3  t=180s  dt=60s  global_agents=2  local_agents=2  mu_avg=6.99e-05

Simulation complete.
  Final global agents: 2
  Steps taken: 3
  Resident retention: 16.7%
  Dominant lineage: 11
GutIBM restored from checkpoint:
  File: /tmp/gutibm_checkpoint_jdRZMo
  Step group: step_000000
  Restored time: 0 s
  Restored step: 0
  Global agents: 12
  Local agents: 12
Step 1  t=60s  dt=60s  global_agents=10  local_agents=10  mu_avg=6.1e-05
Step 2  t=120s  dt=60s  global_agents=10  local_agents=10  mu_avg=7.36e-05

Simulation complete.
  Final global agents: 10
  Steps taken: 2
  Resident retention: 83.3%
  Dominant lineage: 10
GutIBM initialized:
  Domain: 10x10x5 cells (500 total)
  MPI ranks: 1
  Slab [0, 5e-05) m
  Local agents: 12  Global agents: 12
  Chemical species: 7
  Bio dt: 60 s
  Adaptive dt: OFF
  Total time: 60 s
  GPU: OFF
Step 1  t=60s  dt=60s  global_agents=5  local_agents=5  mu_avg=6.16e-05

Simulation complete.
  Final global agents: 5
  Steps taken: 1
  Resident retention: 41.7%
  Dominant lineage: 5
GutIBM restored from checkpoint:
  File: /tmp/gutibm_checkpoint_jdRZMo.split.h5
  Step group: step_000001
  Restored time: 60 s
  Restored step: 1
  Global agents: 5
  Local agents: 5
Step 2  t=120s  dt=60s  global_agents=3  local_agents=3  mu_avg=7.49e-07

Simulation complete.
  Final global agents: 3
  Steps taken: 2
  Resident retention: 60%
  Dominant lineage: 12
  test_hdf5_reader_api: PASSED
  test_checkpoint_restart: PASSED
  test_split_run_matches_uninterrupted: PASSED
All HDF5 checkpoint tests passed.
<end of output>
Test time =   0.29 sec
----------------------------------------------------------
Test Passed.
"hdf5_checkpoint" end time: Jul 03 18:52 UTC
"hdf5_checkpoint" time elapsed: 00:00:00
----------------------------------------------------------

37/40 Testing: hdf5_roundtrip_parallel
37/40 Test: hdf5_roundtrip_parallel
Command: "/usr/bin/mpiexec" "-n" "2" "/workspace/build-release/tests/test_hdf5_roundtrip"
Directory: /workspace/build-release/tests
"hdf5_roundtrip_parallel" start time: Jul 03 18:52 UTC
Output:
----------------------------------------------------------
=== HDF5 Parallel Round-Trip Tests ===
GutIBM initialized:
  Domain: 10x10x5 cells (500 total)
  MPI ranks: 2
  Slab [0, 2.5e-05) m
  Local agents: 4  Global agents: 12
  Chemical species: 7
  Bio dt: 60 s
  Adaptive dt: OFF
  Total time: 120 s
  GPU: OFF
Step 1  t=60s  dt=60s  global_agents=6  local_agents=2  mu_avg=5.75e-05
Step 2  t=120s  dt=60s  global_agents=1  local_agents=0  mu_avg=6.9e-05

Simulation complete.
  Final global agents: 1
  Steps taken: 2
  Resident retention: 0%
  Dominant lineage: 0
  test_parallel_roundtrip: PASSED
All HDF5 round-trip tests passed.
<end of output>
Test time =   0.29 sec
----------------------------------------------------------
Test Pass Reason:
Required regular expression found. Regex=[All HDF5 round-trip tests passed]
"hdf5_roundtrip_parallel" end time: Jul 03 18:52 UTC
"hdf5_roundtrip_parallel" time elapsed: 00:00:00
----------------------------------------------------------

38/40 Testing: mpi_multi_rank
38/40 Test: mpi_multi_rank
Command: "/usr/bin/mpiexec" "-n" "2" "/workspace/build-release/tests/test_mpi_multi_rank"
Directory: /workspace/build-release/tests
"mpi_multi_rank" start time: Jul 03 18:52 UTC
Output:
----------------------------------------------------------
=== MPI Multi-Rank Tests (np=2) ===
  test_slab_decomposition: PASSED
  test_slab_decomposition_periodic_x: PASSED
GutIBM initialized:
  Domain: 20x20x10 cells (4000 total)
  MPI ranks: 2
  Slab [0, 5e-05) m
  Local agents: 18  Global agents: 40
  Chemical species: 7
  Bio dt: 60 s
  Adaptive dt: OFF
  Total time: 300 s
  GPU: OFF
  test_init_population_partitioned: PASSED
GutIBM initialized:
  Domain: 20x20x10 cells (4000 total)
  MPI ranks: 2
  Slab [0, 5e-05) m
  Local agents: 18  Global agents: 40
  Chemical species: 7
  Bio dt: 60 s
  Adaptive dt: OFF
  Total time: 300 s
  GPU: OFF
  test_migration_preserves_global_count: PASSED
GutIBM initialized:
  Domain: 20x20x10 cells (4000 total)
  MPI ranks: 2
  Slab [0, 5e-05) m
  Local agents: 18  Global agents: 40
  Chemical species: 7
  Bio dt: 60 s
  Adaptive dt: OFF
  Total time: 300 s
  GPU: OFF
  test_boundary_ghost_exchange_runs: PASSED
GutIBM initialized:
  Domain: 20x20x10 cells (4000 total)
  MPI ranks: 2
  Slab [0, 5e-05) m
  Local agents: 18  Global agents: 40
  Chemical species: 7
  Bio dt: 60 s
  Adaptive dt: OFF
  Total time: 300 s
  GPU: OFF
  test_periodic_x_ghost_and_migration: PASSED
GutIBM initialized:
  Domain: 20x20x10 cells (4000 total)
  MPI ranks: 2
  Slab [0, 5e-05) m
  Local agents: 18  Global agents: 40
  Chemical species: 7
  Bio dt: 60 s
  Adaptive dt: OFF
  Total time: 120 s
  GPU: OFF
Step 1  t=60s  dt=60s  global_agents=33  local_agents=14  mu_avg=5.33e-05

Simulation complete.
  Final global agents: 11
  Steps taken: 2
  Resident retention: 77.8%
  Dominant lineage: 27
  test_multirank_simulation_steps: PASSED (global_agents=11)
All MPI multi-rank tests passed.
<end of output>
Test time =   0.29 sec
----------------------------------------------------------
Test Pass Reason:
Required regular expression found. Regex=[All MPI multi-rank tests passed]
"mpi_multi_rank" end time: Jul 03 18:52 UTC
"mpi_multi_rank" time elapsed: 00:00:00
----------------------------------------------------------

39/40 Testing: greens_function_gpu
39/40 Test: greens_function_gpu
Command: "/workspace/build-release/tests/test_greens_function_gpu"
Directory: /workspace/build-release/tests
"greens_function_gpu" start time: Jul 03 18:52 UTC
Output:
----------------------------------------------------------
=== GPU Green's Function Tests ===
  test_gpu_gf_parity: SKIPPED (CUDA not compiled in)
All GPU Green's function tests passed.
<end of output>
Test time =   0.00 sec
----------------------------------------------------------
Test Passed.
"greens_function_gpu" end time: Jul 03 18:52 UTC
"greens_function_gpu" time elapsed: 00:00:00
----------------------------------------------------------

40/40 Testing: gpu_smoke
40/40 Test: gpu_smoke
Command: "/workspace/build-release/tests/test_gpu_smoke"
Directory: /workspace/build-release/tests
"gpu_smoke" start time: Jul 03 18:52 UTC
Output:
----------------------------------------------------------
=== GPU Smoke Test ===
  test_gpu_smoke: SKIPPED (CUDA not compiled in)
All GPU smoke tests passed.
<end of output>
Test time =   0.00 sec
----------------------------------------------------------
Test Passed.
"gpu_smoke" end time: Jul 03 18:52 UTC
"gpu_smoke" time elapsed: 00:00:00
----------------------------------------------------------

End testing: Jul 03 18:52 UTC

benchmark =   0.34 sec*proc

gpu =   0.00 sec*proc

hdf5 =   0.87 sec*proc

integration =   1.18 sec*proc

mpi =   0.58 sec*proc

openmp =   0.01 sec*proc

slow =   0.35 sec*proc

unit =   0.13 sec*proc

